{"/home/travis/build/npmtest/node-npmtest-passport-oauth2/test.js":{"path":"/home/travis/build/npmtest/node-npmtest-passport-oauth2/test.js","s":{"1":2,"2":2,"3":2,"4":2,"5":2,"6":2,"7":2,"8":1,"9":2,"10":2,"11":1,"12":1,"13":1,"14":1,"15":2,"16":2,"17":2,"18":2,"19":1,"20":1,"21":2,"22":2,"23":2,"24":1,"25":1,"26":1,"27":1,"28":1,"29":1,"30":1,"31":1,"32":1,"33":1,"34":1,"35":1,"36":1,"37":1,"38":1,"39":2,"40":2,"41":1,"42":2,"43":2,"44":1,"45":2,"46":2,"47":1,"48":2,"49":2,"50":1,"51":1,"52":1,"53":1,"54":1},"b":{"1":[2,1,1,1],"2":[1,1,1,1],"3":[1,1],"4":[1,1],"5":[1,1],"6":[1,1],"7":[1,1],"8":[1,1],"9":[1,1],"10":[1,1,1],"11":[1,1],"12":[1,1],"13":[1,1],"14":[1,1],"15":[1,1],"16":[1,1],"17":[1,1]},"f":{"1":2,"2":2,"3":2,"4":2,"5":2,"6":1,"7":1,"8":1,"9":2,"10":2,"11":2,"12":2,"13":1},"fnMap":{"1":{"name":"(anonymous_1)","line":12,"loc":{"start":{"line":12,"column":1},"end":{"line":12,"column":13}}},"2":{"name":"(anonymous_2)","line":19,"loc":{"start":{"line":19,"column":5},"end":{"line":19,"column":17}}},"3":{"name":"(anonymous_3)","line":23,"loc":{"start":{"line":23,"column":24},"end":{"line":23,"column":36}}},"4":{"name":"(anonymous_4)","line":61,"loc":{"start":{"line":61,"column":5},"end":{"line":61,"column":17}}},"5":{"name":"(anonymous_5)","line":82,"loc":{"start":{"line":82,"column":5},"end":{"line":82,"column":17}}},"6":{"name":"(anonymous_6)","line":91,"loc":{"start":{"line":91,"column":77},"end":{"line":94,"column":10}}},"7":{"name":"(anonymous_7)","line":112,"loc":{"start":{"line":112,"column":83},"end":{"line":115,"column":10}},"skip":true},"8":{"name":"(anonymous_8)","line":123,"loc":{"start":{"line":123,"column":77},"end":{"line":126,"column":10}},"skip":true},"9":{"name":"(anonymous_9)","line":139,"loc":{"start":{"line":139,"column":12},"end":{"line":139,"column":40}},"skip":true},"10":{"name":"(anonymous_10)","line":147,"loc":{"start":{"line":147,"column":77},"end":{"line":150,"column":10}},"skip":true},"11":{"name":"(anonymous_11)","line":158,"loc":{"start":{"line":158,"column":83},"end":{"line":161,"column":10}},"skip":true},"12":{"name":"(anonymous_12)","line":169,"loc":{"start":{"line":169,"column":79},"end":{"line":172,"column":10}},"skip":true},"13":{"name":"(anonymous_13)","line":180,"loc":{"start":{"line":180,"column":75},"end":{"line":183,"column":10}},"skip":true}},"statementMap":{"1":{"start":{"line":12,"column":0},"end":{"line":195,"column":5}},"2":{"start":{"line":14,"column":4},"end":{"line":14,"column":14}},"3":{"start":{"line":19,"column":4},"end":{"line":56,"column":9}},"4":{"start":{"line":21,"column":8},"end":{"line":21,"column":19}},"5":{"start":{"line":23,"column":8},"end":{"line":35,"column":13}},"6":{"start":{"line":24,"column":12},"end":{"line":34,"column":13}},"7":{"start":{"line":25,"column":16},"end":{"line":28,"column":30}},"8":{"start":{"line":30,"column":16},"end":{"line":33,"column":27}},"9":{"start":{"line":37,"column":8},"end":{"line":39,"column":21}},"10":{"start":{"line":40,"column":8},"end":{"line":53,"column":9}},"11":{"start":{"line":43,"column":12},"end":{"line":46,"column":14}},"12":{"start":{"line":47,"column":12},"end":{"line":47,"column":18}},"13":{"start":{"line":50,"column":12},"end":{"line":51,"column":46}},"14":{"start":{"line":52,"column":12},"end":{"line":52,"column":18}},"15":{"start":{"line":55,"column":8},"end":{"line":55,"column":35}},"16":{"start":{"line":61,"column":4},"end":{"line":63,"column":9}},"17":{"start":{"line":62,"column":8},"end":{"line":62,"column":15}},"18":{"start":{"line":64,"column":4},"end":{"line":77,"column":5}},"19":{"start":{"line":70,"column":8},"end":{"line":70,"column":14}},"20":{"start":{"line":76,"column":8},"end":{"line":76,"column":14}},"21":{"start":{"line":82,"column":4},"end":{"line":84,"column":9}},"22":{"start":{"line":83,"column":8},"end":{"line":83,"column":15}},"23":{"start":{"line":85,"column":4},"end":{"line":194,"column":5}},"24":{"start":{"line":91,"column":8},"end":{"line":99,"column":10}},"25":{"start":{"line":98,"column":12},"end":{"line":98,"column":35}},"26":{"start":{"line":102,"column":8},"end":{"line":104,"column":63}},"27":{"start":{"line":105,"column":8},"end":{"line":105,"column":14}},"28":{"start":{"line":112,"column":8},"end":{"line":121,"column":10},"skip":true},"29":{"start":{"line":119,"column":12},"end":{"line":119,"column":55},"skip":true},"30":{"start":{"line":120,"column":12},"end":{"line":120,"column":48},"skip":true},"31":{"start":{"line":123,"column":8},"end":{"line":136,"column":10},"skip":true},"32":{"start":{"line":130,"column":12},"end":{"line":130,"column":76},"skip":true},"33":{"start":{"line":131,"column":12},"end":{"line":131,"column":73},"skip":true},"34":{"start":{"line":132,"column":12},"end":{"line":132,"column":74},"skip":true},"35":{"start":{"line":133,"column":12},"end":{"line":133,"column":79},"skip":true},"36":{"start":{"line":134,"column":12},"end":{"line":134,"column":25},"skip":true},"37":{"start":{"line":135,"column":12},"end":{"line":135,"column":45},"skip":true},"38":{"start":{"line":138,"column":8},"end":{"line":145,"column":14},"skip":true},"39":{"start":{"line":143,"column":16},"end":{"line":143,"column":29},"skip":true},"40":{"start":{"line":144,"column":16},"end":{"line":144,"column":55},"skip":true},"41":{"start":{"line":147,"column":8},"end":{"line":156,"column":10},"skip":true},"42":{"start":{"line":154,"column":12},"end":{"line":154,"column":25},"skip":true},"43":{"start":{"line":155,"column":12},"end":{"line":155,"column":45},"skip":true},"44":{"start":{"line":158,"column":8},"end":{"line":167,"column":10},"skip":true},"45":{"start":{"line":165,"column":12},"end":{"line":165,"column":25},"skip":true},"46":{"start":{"line":166,"column":12},"end":{"line":166,"column":48},"skip":true},"47":{"start":{"line":169,"column":8},"end":{"line":178,"column":10},"skip":true},"48":{"start":{"line":176,"column":12},"end":{"line":176,"column":25},"skip":true},"49":{"start":{"line":177,"column":12},"end":{"line":177,"column":46},"skip":true},"50":{"start":{"line":180,"column":8},"end":{"line":189,"column":10},"skip":true},"51":{"start":{"line":187,"column":12},"end":{"line":187,"column":94},"skip":true},"52":{"start":{"line":188,"column":12},"end":{"line":188,"column":48},"skip":true},"53":{"start":{"line":192,"column":8},"end":{"line":192,"column":35},"skip":true},"54":{"start":{"line":193,"column":8},"end":{"line":193,"column":14},"skip":true}},"branchMap":{"1":{"line":25,"type":"binary-expr","locations":[{"start":{"line":25,"column":23},"end":{"line":25,"column":62}},{"start":{"line":26,"column":20},"end":{"line":26,"column":70}},{"start":{"line":27,"column":20},"end":{"line":27,"column":71}},{"start":{"line":28,"column":20},"end":{"line":28,"column":29}}]},"2":{"line":30,"type":"binary-expr","locations":[{"start":{"line":30,"column":23},"end":{"line":30,"column":37}},{"start":{"line":31,"column":20},"end":{"line":31,"column":61}},{"start":{"line":32,"column":20},"end":{"line":32,"column":70}},{"start":{"line":33,"column":20},"end":{"line":33,"column":26}}]},"3":{"line":37,"type":"cond-expr","locations":[{"start":{"line":38,"column":14},"end":{"line":38,"column":20}},{"start":{"line":39,"column":14},"end":{"line":39,"column":20}}]},"4":{"line":40,"type":"switch","locations":[{"start":{"line":42,"column":8},"end":{"line":47,"column":18}},{"start":{"line":49,"column":8},"end":{"line":52,"column":18}}]},"5":{"line":44,"type":"binary-expr","locations":[{"start":{"line":44,"column":16},"end":{"line":44,"column":44}},{"start":{"line":44,"column":48},"end":{"line":44,"column":66}}]},"6":{"line":50,"type":"binary-expr","locations":[{"start":{"line":50,"column":21},"end":{"line":50,"column":49}},{"start":{"line":50,"column":53},"end":{"line":50,"column":72}}]},"7":{"line":64,"type":"switch","locations":[{"start":{"line":69,"column":4},"end":{"line":70,"column":14}},{"start":{"line":75,"column":4},"end":{"line":76,"column":14}}]},"8":{"line":85,"type":"switch","locations":[{"start":{"line":90,"column":4},"end":{"line":105,"column":14}},{"start":{"line":111,"column":4},"end":{"line":193,"column":14},"skip":true}]},"9":{"line":91,"type":"binary-expr","locations":[{"start":{"line":91,"column":42},"end":{"line":91,"column":73}},{"start":{"line":91,"column":77},"end":{"line":99,"column":9}}]},"10":{"line":102,"type":"binary-expr","locations":[{"start":{"line":102,"column":18},"end":{"line":102,"column":32}},{"start":{"line":103,"column":12},"end":{"line":103,"column":53}},{"start":{"line":104,"column":12},"end":{"line":104,"column":61}}]},"11":{"line":112,"type":"binary-expr","locations":[{"start":{"line":112,"column":45},"end":{"line":112,"column":79},"skip":true},{"start":{"line":112,"column":83},"end":{"line":121,"column":9},"skip":true}]},"12":{"line":123,"type":"binary-expr","locations":[{"start":{"line":123,"column":42},"end":{"line":123,"column":73},"skip":true},{"start":{"line":123,"column":77},"end":{"line":136,"column":9},"skip":true}]},"13":{"line":138,"type":"binary-expr","locations":[{"start":{"line":138,"column":48},"end":{"line":138,"column":85},"skip":true},{"start":{"line":139,"column":12},"end":{"line":145,"column":13},"skip":true}]},"14":{"line":147,"type":"binary-expr","locations":[{"start":{"line":147,"column":42},"end":{"line":147,"column":73},"skip":true},{"start":{"line":147,"column":77},"end":{"line":156,"column":9},"skip":true}]},"15":{"line":158,"type":"binary-expr","locations":[{"start":{"line":158,"column":45},"end":{"line":158,"column":79},"skip":true},{"start":{"line":158,"column":83},"end":{"line":167,"column":9},"skip":true}]},"16":{"line":169,"type":"binary-expr","locations":[{"start":{"line":169,"column":43},"end":{"line":169,"column":75},"skip":true},{"start":{"line":169,"column":79},"end":{"line":178,"column":9},"skip":true}]},"17":{"line":180,"type":"binary-expr","locations":[{"start":{"line":180,"column":41},"end":{"line":180,"column":71},"skip":true},{"start":{"line":180,"column":75},"end":{"line":189,"column":9},"skip":true}]}},"code":["/* istanbul instrument in package npmtest_passport_oauth2 */","/*jslint","    bitwise: true,","    browser: true,","    maxerr: 8,","    maxlen: 96,","    node: true,","    nomen: true,","    regexp: true,","    stupid: true","*/","(function () {","    'use strict';","    var local;","","","","    // run shared js-env code - pre-init","    (function () {","        // init local","        local = {};","        // init modeJs","        local.modeJs = (function () {","            try {","                return typeof navigator.userAgent === 'string' &&","                    typeof document.querySelector('body') === 'object' &&","                    typeof XMLHttpRequest.prototype.open === 'function' &&","                    'browser';","            } catch (errorCaughtBrowser) {","                return module.exports &&","                    typeof process.versions.node === 'string' &&","                    typeof require('http').createServer === 'function' &&","                    'node';","            }","        }());","        // init global","        local.global = local.modeJs === 'browser'","            ? window","            : global;","        switch (local.modeJs) {","        // re-init local from window.local","        case 'browser':","            local = local.global.utility2.objectSetDefault(","                local.global.utility2_rollup || local.global.local,","                local.global.utility2","            );","            break;","        // re-init local from example.js","        case 'node':","            local = (local.global.utility2_rollup || require('utility2'))","                .requireExampleJsFromReadme();","            break;","        }","        // export local","        local.global.local = local;","    }());","","","","    // run shared js-env code - function","    (function () {","        return;","    }());","    switch (local.modeJs) {","","","","    // run browser js-env code - function","    case 'browser':","        break;","","","","    // run node js-env code - function","    case 'node':","        break;","    }","","","","    // run shared js-env code - post-init","    (function () {","        return;","    }());","    switch (local.modeJs) {","","","","    // run browser js-env code - post-init","    case 'browser':","        local.testCase_browser_nullCase = local.testCase_browser_nullCase || function (","            options,","            onError","        ) {","        /*","         * this function will test browsers's null-case handling-behavior-behavior","         */","            onError(null, options);","        };","","        // run tests","        local.nop(local.modeTest &&","            document.querySelector('#testRunButton1') &&","            document.querySelector('#testRunButton1').click());","        break;","","","","    // run node js-env code - post-init","    /* istanbul ignore next */","    case 'node':","        local.testCase_buildApidoc_default = local.testCase_buildApidoc_default || function (","            options,","            onError","        ) {","        /*","         * this function will test buildApidoc's default handling-behavior-behavior","         */","            options = { modulePathList: module.paths };","            local.buildApidoc(options, onError);","        };","","        local.testCase_buildApp_default = local.testCase_buildApp_default || function (","            options,","            onError","        ) {","        /*","         * this function will test buildApp's default handling-behavior-behavior","         */","            local.testCase_buildReadme_default(options, local.onErrorThrow);","            local.testCase_buildLib_default(options, local.onErrorThrow);","            local.testCase_buildTest_default(options, local.onErrorThrow);","            local.testCase_buildCustomOrg_default(options, local.onErrorThrow);","            options = [];","            local.buildApp(options, onError);","        };","","        local.testCase_buildCustomOrg_default = local.testCase_buildCustomOrg_default ||","            function (options, onError) {","            /*","             * this function will test buildCustomOrg's default handling-behavior","             */","                options = {};","                local.buildCustomOrg(options, onError);","            };","","        local.testCase_buildLib_default = local.testCase_buildLib_default || function (","            options,","            onError","        ) {","        /*","         * this function will test buildLib's default handling-behavior","         */","            options = {};","            local.buildLib(options, onError);","        };","","        local.testCase_buildReadme_default = local.testCase_buildReadme_default || function (","            options,","            onError","        ) {","        /*","         * this function will test buildReadme's default handling-behavior-behavior","         */","            options = {};","            local.buildReadme(options, onError);","        };","","        local.testCase_buildTest_default = local.testCase_buildTest_default || function (","            options,","            onError","        ) {","        /*","         * this function will test buildTest's default handling-behavior","         */","            options = {};","            local.buildTest(options, onError);","        };","","        local.testCase_webpage_default = local.testCase_webpage_default || function (","            options,","            onError","        ) {","        /*","         * this function will test webpage's default handling-behavior","         */","            options = { modeCoverageMerge: true, url: local.serverLocalHost + '?modeTest=1' };","            local.browserTest(options, onError);","        };","","        // run test-server","        local.testRunServer(local);","        break;","    }","}());",""],"l":{"12":2,"14":2,"19":2,"21":2,"23":2,"24":2,"25":2,"30":1,"37":2,"40":2,"43":1,"47":1,"50":1,"52":1,"55":2,"61":2,"62":2,"64":2,"70":1,"76":1,"82":2,"83":2,"85":2,"91":1,"98":1,"102":1,"105":1,"112":1,"119":1,"120":1,"123":1,"130":1,"131":1,"132":1,"133":1,"134":1,"135":1,"138":1,"143":2,"144":2,"147":1,"154":2,"155":2,"158":1,"165":2,"166":2,"169":1,"176":2,"177":2,"180":1,"187":1,"188":1,"192":1,"193":1}},"/home/travis/build/npmtest/node-npmtest-passport-oauth2/lib.npmtest_passport_oauth2.js":{"path":"/home/travis/build/npmtest/node-npmtest-passport-oauth2/lib.npmtest_passport_oauth2.js","s":{"1":2,"2":2,"3":2,"4":2,"5":2,"6":2,"7":2,"8":1,"9":2,"10":2,"11":2,"12":2,"13":1,"14":1,"15":1,"16":1},"b":{"1":[2,1,1,1],"2":[1,1,1,1],"3":[1,1],"4":[2,2],"5":[1,1]},"f":{"1":2,"2":2,"3":2},"fnMap":{"1":{"name":"(anonymous_1)","line":12,"loc":{"start":{"line":12,"column":1},"end":{"line":12,"column":13}}},"2":{"name":"(anonymous_2)","line":19,"loc":{"start":{"line":19,"column":5},"end":{"line":19,"column":17}}},"3":{"name":"(anonymous_3)","line":23,"loc":{"start":{"line":23,"column":24},"end":{"line":23,"column":36}}}},"statementMap":{"1":{"start":{"line":12,"column":0},"end":{"line":53,"column":5}},"2":{"start":{"line":14,"column":4},"end":{"line":14,"column":14}},"3":{"start":{"line":19,"column":4},"end":{"line":52,"column":9}},"4":{"start":{"line":21,"column":8},"end":{"line":21,"column":19}},"5":{"start":{"line":23,"column":8},"end":{"line":35,"column":13}},"6":{"start":{"line":24,"column":12},"end":{"line":34,"column":13}},"7":{"start":{"line":25,"column":16},"end":{"line":28,"column":30}},"8":{"start":{"line":30,"column":16},"end":{"line":33,"column":27}},"9":{"start":{"line":37,"column":8},"end":{"line":39,"column":21}},"10":{"start":{"line":41,"column":8},"end":{"line":41,"column":54}},"11":{"start":{"line":43,"column":8},"end":{"line":43,"column":60}},"12":{"start":{"line":45,"column":8},"end":{"line":51,"column":9}},"13":{"start":{"line":46,"column":12},"end":{"line":46,"column":66}},"14":{"start":{"line":48,"column":12},"end":{"line":48,"column":35}},"15":{"start":{"line":49,"column":12},"end":{"line":49,"column":49}},"16":{"start":{"line":50,"column":12},"end":{"line":50,"column":43}}},"branchMap":{"1":{"line":25,"type":"binary-expr","locations":[{"start":{"line":25,"column":23},"end":{"line":25,"column":62}},{"start":{"line":26,"column":20},"end":{"line":26,"column":70}},{"start":{"line":27,"column":20},"end":{"line":27,"column":71}},{"start":{"line":28,"column":20},"end":{"line":28,"column":29}}]},"2":{"line":30,"type":"binary-expr","locations":[{"start":{"line":30,"column":23},"end":{"line":30,"column":37}},{"start":{"line":31,"column":20},"end":{"line":31,"column":61}},{"start":{"line":32,"column":20},"end":{"line":32,"column":70}},{"start":{"line":33,"column":20},"end":{"line":33,"column":26}}]},"3":{"line":37,"type":"cond-expr","locations":[{"start":{"line":38,"column":14},"end":{"line":38,"column":20}},{"start":{"line":39,"column":14},"end":{"line":39,"column":20}}]},"4":{"line":41,"type":"binary-expr","locations":[{"start":{"line":41,"column":16},"end":{"line":41,"column":44}},{"start":{"line":41,"column":48},"end":{"line":41,"column":53}}]},"5":{"line":45,"type":"if","locations":[{"start":{"line":45,"column":8},"end":{"line":45,"column":8}},{"start":{"line":45,"column":8},"end":{"line":45,"column":8}}]}},"code":["/* istanbul instrument in package npmtest_passport_oauth2 */","/*jslint","    bitwise: true,","    browser: true,","    maxerr: 8,","    maxlen: 96,","    node: true,","    nomen: true,","    regexp: true,","    stupid: true","*/","(function () {","    'use strict';","    var local;","","","","    // run shared js-env code - pre-init","    (function () {","        // init local","        local = {};","        // init modeJs","        local.modeJs = (function () {","            try {","                return typeof navigator.userAgent === 'string' &&","                    typeof document.querySelector('body') === 'object' &&","                    typeof XMLHttpRequest.prototype.open === 'function' &&","                    'browser';","            } catch (errorCaughtBrowser) {","                return module.exports &&","                    typeof process.versions.node === 'string' &&","                    typeof require('http').createServer === 'function' &&","                    'node';","            }","        }());","        // init global","        local.global = local.modeJs === 'browser'","            ? window","            : global;","        // init utility2_rollup","        local = local.global.utility2_rollup || local;","        // init lib","        local.local = local.npmtest_passport_oauth2 = local;","        // init exports","        if (local.modeJs === 'browser') {","            local.global.utility2_npmtest_passport_oauth2 = local;","        } else {","            module.exports = local;","            module.exports.__dirname = __dirname;","            module.exports.module = module;","        }","    }());","}());",""],"l":{"12":2,"14":2,"19":2,"21":2,"23":2,"24":2,"25":2,"30":1,"37":2,"41":2,"43":2,"45":2,"46":1,"48":1,"49":1,"50":1}},"/home/travis/build/npmtest/node-npmtest-passport-oauth2/example.js":{"path":"/home/travis/build/npmtest/node-npmtest-passport-oauth2/example.js","s":{"1":2,"2":2,"3":2,"4":2,"5":2,"6":2,"7":2,"8":1,"9":2,"10":2,"11":2,"12":2,"13":1,"14":2,"15":2,"16":2,"17":2,"18":2,"19":0,"20":2,"21":1,"22":1,"23":1,"24":1,"25":1,"26":0,"27":0,"28":1,"29":1,"30":2,"31":0,"32":0,"33":0,"34":1,"35":2,"36":2,"37":3,"38":3,"39":3,"40":3,"41":0,"42":3,"43":3,"44":3,"45":1,"46":3,"47":1,"48":1,"49":1,"50":1,"51":1,"52":1,"53":1,"54":1,"55":1,"56":1,"57":0,"58":1,"59":6,"60":6,"61":1,"62":2,"63":0,"64":2,"65":1,"66":1,"67":0,"68":0,"69":0,"70":0,"71":0,"72":0,"73":0,"74":0,"75":0,"76":0,"77":0,"78":0,"79":0,"80":0,"81":0,"82":0,"83":0},"b":{"1":[2,1,1,1],"2":[1,1,1,1],"3":[1,1],"4":[2,2],"5":[1,1],"6":[1,1],"7":[2,0],"8":[2,1,1,1,1,1],"9":[0,2,0],"10":[1,1],"11":[2,1,1],"12":[1,0],"13":[0,2],"14":[2,0,0,0,0,0,0],"15":[0,3],"16":[3,0],"17":[1,1],"18":[0,1],"19":[1,2,0,2],"20":[1,0],"21":[1,1],"22":[0,0],"23":[0,0],"24":[0,0],"25":[0,0],"26":[0,0],"27":[0,0],"28":[0,0]},"f":{"1":2,"2":2,"3":2,"4":2,"5":2,"6":2,"7":3,"8":3,"9":3,"10":1,"11":6,"12":0},"fnMap":{"1":{"name":"(anonymous_1)","line":26,"loc":{"start":{"line":26,"column":1},"end":{"line":26,"column":13}}},"2":{"name":"(anonymous_2)","line":33,"loc":{"start":{"line":33,"column":5},"end":{"line":33,"column":17}}},"3":{"name":"(anonymous_3)","line":37,"loc":{"start":{"line":37,"column":24},"end":{"line":37,"column":36}}},"4":{"name":"(anonymous_4)","line":69,"loc":{"start":{"line":69,"column":31},"end":{"line":69,"column":48}},"skip":true},"5":{"name":"(anonymous_5)","line":78,"loc":{"start":{"line":78,"column":26},"end":{"line":78,"column":45}},"skip":true},"6":{"name":"(anonymous_6)","line":123,"loc":{"start":{"line":123,"column":33},"end":{"line":123,"column":48}},"skip":true},"7":{"name":"(anonymous_7)","line":125,"loc":{"start":{"line":125,"column":27},"end":{"line":125,"column":39}},"skip":true},"8":{"name":"(anonymous_8)","line":133,"loc":{"start":{"line":133,"column":59},"end":{"line":133,"column":74}},"skip":true},"9":{"name":"(anonymous_9)","line":143,"loc":{"start":{"line":143,"column":45},"end":{"line":143,"column":62}},"skip":true},"10":{"name":"(anonymous_10)","line":144,"loc":{"start":{"line":144,"column":73},"end":{"line":144,"column":92}},"skip":true},"11":{"name":"(anonymous_11)","line":272,"loc":{"start":{"line":272,"column":51},"end":{"line":272,"column":77}},"skip":true},"12":{"name":"(anonymous_12)","line":315,"loc":{"start":{"line":315,"column":32},"end":{"line":315,"column":61}},"skip":true}},"statementMap":{"1":{"start":{"line":26,"column":0},"end":{"line":326,"column":5}},"2":{"start":{"line":28,"column":4},"end":{"line":28,"column":14}},"3":{"start":{"line":33,"column":4},"end":{"line":60,"column":9}},"4":{"start":{"line":35,"column":8},"end":{"line":35,"column":19}},"5":{"start":{"line":37,"column":8},"end":{"line":49,"column":13}},"6":{"start":{"line":38,"column":12},"end":{"line":48,"column":13}},"7":{"start":{"line":39,"column":16},"end":{"line":42,"column":30}},"8":{"start":{"line":44,"column":16},"end":{"line":47,"column":27}},"9":{"start":{"line":51,"column":8},"end":{"line":53,"column":21}},"10":{"start":{"line":55,"column":8},"end":{"line":57,"column":45}},"11":{"start":{"line":59,"column":8},"end":{"line":59,"column":35}},"12":{"start":{"line":61,"column":4},"end":{"line":325,"column":5}},"13":{"start":{"line":69,"column":8},"end":{"line":121,"column":10},"skip":true},"14":{"start":{"line":70,"column":12},"end":{"line":88,"column":13},"skip":true},"15":{"start":{"line":76,"column":16},"end":{"line":87,"column":19},"skip":true},"16":{"start":{"line":79,"column":20},"end":{"line":86,"column":21},"skip":true},"17":{"start":{"line":82,"column":24},"end":{"line":82,"column":43},"skip":true},"18":{"start":{"line":83,"column":24},"end":{"line":83,"column":30},"skip":true},"19":{"start":{"line":85,"column":24},"end":{"line":85,"column":49},"skip":true},"20":{"start":{"line":89,"column":12},"end":{"line":107,"column":13},"skip":true},"21":{"start":{"line":92,"column":16},"end":{"line":102,"column":17},"skip":true},"22":{"start":{"line":93,"column":20},"end":{"line":93,"column":86},"skip":true},"23":{"start":{"line":94,"column":20},"end":{"line":95,"column":45},"skip":true},"24":{"start":{"line":96,"column":20},"end":{"line":96,"column":42},"skip":true},"25":{"start":{"line":97,"column":20},"end":{"line":97,"column":48},"skip":true},"26":{"start":{"line":100,"column":20},"end":{"line":100,"column":85},"skip":true},"27":{"start":{"line":101,"column":20},"end":{"line":101,"column":96},"skip":true},"28":{"start":{"line":103,"column":16},"end":{"line":103,"column":22},"skip":true},"29":{"start":{"line":106,"column":16},"end":{"line":106,"column":22},"skip":true},"30":{"start":{"line":108,"column":12},"end":{"line":120,"column":13},"skip":true},"31":{"start":{"line":114,"column":16},"end":{"line":119,"column":17},"skip":true},"32":{"start":{"line":116,"column":20},"end":{"line":116,"column":78},"skip":true},"33":{"start":{"line":118,"column":20},"end":{"line":118,"column":47},"skip":true},"34":{"start":{"line":123,"column":8},"end":{"line":141,"column":11},"skip":true},"35":{"start":{"line":124,"column":12},"end":{"line":124,"column":54},"skip":true},"36":{"start":{"line":125,"column":12},"end":{"line":140,"column":14},"skip":true},"37":{"start":{"line":126,"column":16},"end":{"line":126,"column":28},"skip":true},"38":{"start":{"line":127,"column":16},"end":{"line":127,"column":69},"skip":true},"39":{"start":{"line":128,"column":16},"end":{"line":128,"column":75},"skip":true},"40":{"start":{"line":129,"column":16},"end":{"line":131,"column":17},"skip":true},"41":{"start":{"line":130,"column":20},"end":{"line":130,"column":27},"skip":true},"42":{"start":{"line":133,"column":16},"end":{"line":137,"column":36},"skip":true},"43":{"start":{"line":134,"column":20},"end":{"line":136,"column":55},"skip":true},"44":{"start":{"line":139,"column":16},"end":{"line":139,"column":57},"skip":true},"45":{"start":{"line":143,"column":8},"end":{"line":147,"column":11},"skip":true},"46":{"start":{"line":144,"column":12},"end":{"line":146,"column":15},"skip":true},"47":{"start":{"line":145,"column":16},"end":{"line":145,"column":70},"skip":true},"48":{"start":{"line":149,"column":8},"end":{"line":149,"column":31},"skip":true},"49":{"start":{"line":150,"column":8},"end":{"line":150,"column":14},"skip":true},"50":{"start":{"line":158,"column":8},"end":{"line":158,"column":31},"skip":true},"51":{"start":{"line":160,"column":8},"end":{"line":160,"column":33},"skip":true},"52":{"start":{"line":161,"column":8},"end":{"line":161,"column":37},"skip":true},"53":{"start":{"line":162,"column":8},"end":{"line":162,"column":35},"skip":true},"54":{"start":{"line":164,"column":8},"end":{"line":164,"column":50},"skip":true},"55":{"start":{"line":166,"column":8},"end":{"line":256,"column":2},"skip":true},"56":{"start":{"line":258,"column":8},"end":{"line":286,"column":9},"skip":true},"57":{"start":{"line":259,"column":12},"end":{"line":269,"column":14},"skip":true},"58":{"start":{"line":271,"column":12},"end":{"line":285,"column":19},"skip":true},"59":{"start":{"line":274,"column":20},"end":{"line":274,"column":35},"skip":true},"60":{"start":{"line":275,"column":20},"end":{"line":284,"column":21},"skip":true},"61":{"start":{"line":277,"column":24},"end":{"line":277,"column":64},"skip":true},"62":{"start":{"line":279,"column":24},"end":{"line":279,"column":40},"skip":true},"63":{"start":{"line":281,"column":24},"end":{"line":281,"column":40},"skip":true},"64":{"start":{"line":283,"column":24},"end":{"line":283,"column":39},"skip":true},"65":{"start":{"line":288,"column":8},"end":{"line":290,"column":9},"skip":true},"66":{"start":{"line":289,"column":12},"end":{"line":289,"column":18},"skip":true},"67":{"start":{"line":291,"column":8},"end":{"line":293,"column":54},"skip":true},"68":{"start":{"line":296,"column":8},"end":{"line":301,"column":37},"skip":true},"69":{"start":{"line":303,"column":8},"end":{"line":303,"column":82},"skip":true},"70":{"start":{"line":306,"column":8},"end":{"line":308,"column":9},"skip":true},"71":{"start":{"line":307,"column":12},"end":{"line":307,"column":82},"skip":true},"72":{"start":{"line":310,"column":8},"end":{"line":312,"column":9},"skip":true},"73":{"start":{"line":311,"column":12},"end":{"line":311,"column":18},"skip":true},"74":{"start":{"line":313,"column":8},"end":{"line":313,"column":54},"skip":true},"75":{"start":{"line":314,"column":8},"end":{"line":314,"column":69},"skip":true},"76":{"start":{"line":315,"column":8},"end":{"line":323,"column":36},"skip":true},"77":{"start":{"line":316,"column":12},"end":{"line":316,"column":61},"skip":true},"78":{"start":{"line":317,"column":12},"end":{"line":320,"column":13},"skip":true},"79":{"start":{"line":318,"column":16},"end":{"line":318,"column":75},"skip":true},"80":{"start":{"line":319,"column":16},"end":{"line":319,"column":23},"skip":true},"81":{"start":{"line":321,"column":12},"end":{"line":321,"column":38},"skip":true},"82":{"start":{"line":322,"column":12},"end":{"line":322,"column":27},"skip":true},"83":{"start":{"line":324,"column":8},"end":{"line":324,"column":14},"skip":true}},"branchMap":{"1":{"line":39,"type":"binary-expr","locations":[{"start":{"line":39,"column":23},"end":{"line":39,"column":62}},{"start":{"line":40,"column":20},"end":{"line":40,"column":70}},{"start":{"line":41,"column":20},"end":{"line":41,"column":71}},{"start":{"line":42,"column":20},"end":{"line":42,"column":29}}]},"2":{"line":44,"type":"binary-expr","locations":[{"start":{"line":44,"column":23},"end":{"line":44,"column":37}},{"start":{"line":45,"column":20},"end":{"line":45,"column":61}},{"start":{"line":46,"column":20},"end":{"line":46,"column":70}},{"start":{"line":47,"column":20},"end":{"line":47,"column":26}}]},"3":{"line":51,"type":"cond-expr","locations":[{"start":{"line":52,"column":14},"end":{"line":52,"column":20}},{"start":{"line":53,"column":14},"end":{"line":53,"column":20}}]},"4":{"line":55,"type":"binary-expr","locations":[{"start":{"line":55,"column":16},"end":{"line":55,"column":44}},{"start":{"line":55,"column":49},"end":{"line":57,"column":43}}]},"5":{"line":55,"type":"cond-expr","locations":[{"start":{"line":56,"column":14},"end":{"line":56,"column":59}},{"start":{"line":57,"column":14},"end":{"line":57,"column":43}}]},"6":{"line":61,"type":"switch","locations":[{"start":{"line":68,"column":4},"end":{"line":150,"column":14},"skip":true},{"start":{"line":156,"column":4},"end":{"line":324,"column":14},"skip":true}]},"7":{"line":70,"type":"if","locations":[{"start":{"line":70,"column":12},"end":{"line":70,"column":12},"skip":true},{"start":{"line":70,"column":12},"end":{"line":70,"column":12},"skip":true}]},"8":{"line":70,"type":"binary-expr","locations":[{"start":{"line":70,"column":16},"end":{"line":70,"column":22},"skip":true},{"start":{"line":70,"column":27},"end":{"line":70,"column":32},"skip":true},{"start":{"line":71,"column":20},"end":{"line":71,"column":39},"skip":true},{"start":{"line":72,"column":20},"end":{"line":72,"column":49},"skip":true},{"start":{"line":73,"column":20},"end":{"line":73,"column":58},"skip":true},{"start":{"line":74,"column":20},"end":{"line":74,"column":69},"skip":true}]},"9":{"line":79,"type":"switch","locations":[{"start":{"line":80,"column":20},"end":{"line":80,"column":33},"skip":true},{"start":{"line":81,"column":20},"end":{"line":83,"column":30},"skip":true},{"start":{"line":84,"column":20},"end":{"line":85,"column":49},"skip":true}]},"10":{"line":89,"type":"switch","locations":[{"start":{"line":90,"column":12},"end":{"line":103,"column":22},"skip":true},{"start":{"line":105,"column":12},"end":{"line":106,"column":22},"skip":true}]},"11":{"line":89,"type":"binary-expr","locations":[{"start":{"line":89,"column":20},"end":{"line":89,"column":25},"skip":true},{"start":{"line":89,"column":29},"end":{"line":89,"column":48},"skip":true},{"start":{"line":89,"column":52},"end":{"line":89,"column":74},"skip":true}]},"12":{"line":92,"type":"if","locations":[{"start":{"line":92,"column":16},"end":{"line":92,"column":16},"skip":true},{"start":{"line":92,"column":16},"end":{"line":92,"column":16},"skip":true}]},"13":{"line":108,"type":"if","locations":[{"start":{"line":108,"column":12},"end":{"line":108,"column":12},"skip":true},{"start":{"line":108,"column":12},"end":{"line":108,"column":12},"skip":true}]},"14":{"line":108,"type":"binary-expr","locations":[{"start":{"line":108,"column":16},"end":{"line":108,"column":61},"skip":true},{"start":{"line":108,"column":66},"end":{"line":108,"column":72},"skip":true},{"start":{"line":108,"column":77},"end":{"line":108,"column":82},"skip":true},{"start":{"line":109,"column":20},"end":{"line":109,"column":39},"skip":true},{"start":{"line":110,"column":20},"end":{"line":110,"column":49},"skip":true},{"start":{"line":111,"column":20},"end":{"line":111,"column":58},"skip":true},{"start":{"line":112,"column":20},"end":{"line":112,"column":68},"skip":true}]},"15":{"line":129,"type":"if","locations":[{"start":{"line":129,"column":16},"end":{"line":129,"column":16},"skip":true},{"start":{"line":129,"column":16},"end":{"line":129,"column":16},"skip":true}]},"16":{"line":134,"type":"cond-expr","locations":[{"start":{"line":135,"column":26},"end":{"line":135,"column":29},"skip":true},{"start":{"line":136,"column":26},"end":{"line":136,"column":54},"skip":true}]},"17":{"line":164,"type":"binary-expr","locations":[{"start":{"line":164,"column":27},"end":{"line":164,"column":43},"skip":true},{"start":{"line":164,"column":47},"end":{"line":164,"column":49},"skip":true}]},"18":{"line":258,"type":"if","locations":[{"start":{"line":258,"column":8},"end":{"line":258,"column":8},"skip":true},{"start":{"line":258,"column":8},"end":{"line":258,"column":8},"skip":true}]},"19":{"line":275,"type":"switch","locations":[{"start":{"line":276,"column":20},"end":{"line":277,"column":64},"skip":true},{"start":{"line":278,"column":20},"end":{"line":279,"column":40},"skip":true},{"start":{"line":280,"column":20},"end":{"line":281,"column":40},"skip":true},{"start":{"line":282,"column":20},"end":{"line":283,"column":39},"skip":true}]},"20":{"line":288,"type":"if","locations":[{"start":{"line":288,"column":8},"end":{"line":288,"column":8},"skip":true},{"start":{"line":288,"column":8},"end":{"line":288,"column":8},"skip":true}]},"21":{"line":288,"type":"binary-expr","locations":[{"start":{"line":288,"column":12},"end":{"line":288,"column":40},"skip":true},{"start":{"line":288,"column":44},"end":{"line":288,"column":67},"skip":true}]},"22":{"line":292,"type":"binary-expr","locations":[{"start":{"line":292,"column":12},"end":{"line":292,"column":50},"skip":true},{"start":{"line":293,"column":12},"end":{"line":293,"column":53},"skip":true}]},"23":{"line":297,"type":"binary-expr","locations":[{"start":{"line":297,"column":12},"end":{"line":297,"column":73},"skip":true},{"start":{"line":298,"column":12},"end":{"line":301,"column":36},"skip":true}]},"24":{"line":303,"type":"binary-expr","locations":[{"start":{"line":303,"column":43},"end":{"line":303,"column":75},"skip":true},{"start":{"line":303,"column":79},"end":{"line":303,"column":81},"skip":true}]},"25":{"line":306,"type":"if","locations":[{"start":{"line":306,"column":8},"end":{"line":306,"column":8},"skip":true},{"start":{"line":306,"column":8},"end":{"line":306,"column":8},"skip":true}]},"26":{"line":310,"type":"if","locations":[{"start":{"line":310,"column":8},"end":{"line":310,"column":8},"skip":true},{"start":{"line":310,"column":8},"end":{"line":310,"column":8},"skip":true}]},"27":{"line":313,"type":"binary-expr","locations":[{"start":{"line":313,"column":27},"end":{"line":313,"column":43},"skip":true},{"start":{"line":313,"column":47},"end":{"line":313,"column":53},"skip":true}]},"28":{"line":317,"type":"if","locations":[{"start":{"line":317,"column":12},"end":{"line":317,"column":12},"skip":true},{"start":{"line":317,"column":12},"end":{"line":317,"column":12},"skip":true}]}},"code":["/*","example.js","","quickstart example","","instruction","    1. save this script as example.js","    2. run the shell command:","        $ npm install npmtest-passport-oauth2 && PORT=8081 node example.js","    3. play with the browser-demo on http://127.0.0.1:8081","*/","","","","/* istanbul instrument in package npmtest_passport_oauth2 */","/*jslint","    bitwise: true,","    browser: true,","    maxerr: 8,","    maxlen: 96,","    node: true,","    nomen: true,","    regexp: true,","    stupid: true","*/","(function () {","    'use strict';","    var local;","","","","    // run shared js-env code - pre-init","    (function () {","        // init local","        local = {};","        // init modeJs","        local.modeJs = (function () {","            try {","                return typeof navigator.userAgent === 'string' &&","                    typeof document.querySelector('body') === 'object' &&","                    typeof XMLHttpRequest.prototype.open === 'function' &&","                    'browser';","            } catch (errorCaughtBrowser) {","                return module.exports &&","                    typeof process.versions.node === 'string' &&","                    typeof require('http').createServer === 'function' &&","                    'node';","            }","        }());","        // init global","        local.global = local.modeJs === 'browser'","            ? window","            : global;","        // init utility2_rollup","        local = local.global.utility2_rollup || (local.modeJs === 'browser'","            ? local.global.utility2_npmtest_passport_oauth2","            : global.utility2_moduleExports);","        // export local","        local.global.local = local;","    }());","    switch (local.modeJs) {","","","","    // post-init","    // run browser js-env code - post-init","    /* istanbul ignore next */","    case 'browser':","        local.testRunBrowser = function (event) {","            if (!event || (event &&","                    event.currentTarget &&","                    event.currentTarget.className &&","                    event.currentTarget.className.includes &&","                    event.currentTarget.className.includes('onreset'))) {","                // reset output","                Array.from(","                    document.querySelectorAll('body > .resettable')","                ).forEach(function (element) {","                    switch (element.tagName) {","                    case 'INPUT':","                    case 'TEXTAREA':","                        element.value = '';","                        break;","                    default:","                        element.textContent = '';","                    }","                });","            }","            switch (event && event.currentTarget && event.currentTarget.id) {","            case 'testRunButton1':","                // show tests","                if (document.querySelector('#testReportDiv1').style.display === 'none') {","                    document.querySelector('#testReportDiv1').style.display = 'block';","                    document.querySelector('#testRunButton1').textContent =","                        'hide internal test';","                    local.modeTest = true;","                    local.testRunDefault(local);","                // hide tests","                } else {","                    document.querySelector('#testReportDiv1').style.display = 'none';","                    document.querySelector('#testRunButton1').textContent = 'run internal test';","                }","                break;","            // custom-case","            default:","                break;","            }","            if (document.querySelector('#inputTextareaEval1') && (!event || (event &&","                    event.currentTarget &&","                    event.currentTarget.className &&","                    event.currentTarget.className.includes &&","                    event.currentTarget.className.includes('oneval')))) {","                // try to eval input-code","                try {","                    /*jslint evil: true*/","                    eval(document.querySelector('#inputTextareaEval1').value);","                } catch (errorCaught) {","                    console.error(errorCaught);","                }","            }","        };","        // log stderr and stdout to #outputTextareaStdout1","        ['error', 'log'].forEach(function (key) {","            console[key + '_original'] = console[key];","            console[key] = function () {","                var element;","                console[key + '_original'].apply(console, arguments);","                element = document.querySelector('#outputTextareaStdout1');","                if (!element) {","                    return;","                }","                // append text to #outputTextareaStdout1","                element.value += Array.from(arguments).map(function (arg) {","                    return typeof arg === 'string'","                        ? arg","                        : JSON.stringify(arg, null, 4);","                }).join(' ') + '\\n';","                // scroll textarea to bottom","                element.scrollTop = element.scrollHeight;","            };","        });","        // init event-handling","        ['change', 'click', 'keyup'].forEach(function (event) {","            Array.from(document.querySelectorAll('.on' + event)).forEach(function (element) {","                element.addEventListener(event, local.testRunBrowser);","            });","        });","        // run tests","        local.testRunBrowser();","        break;","","","","    // run node js-env code - post-init","    /* istanbul ignore next */","    case 'node':","        // export local","        module.exports = local;","        // require modules","        local.fs = require('fs');","        local.http = require('http');","        local.url = require('url');","        // init assets","        local.assetsDict = local.assetsDict || {};","        /* jslint-ignore-begin */","        local.assetsDict['/assets.index.template.html'] = '\\","<!doctype html>\\n\\","<html lang=\"en\">\\n\\","<head>\\n\\","<meta charset=\"UTF-8\">\\n\\","<meta name=\"viewport\" content=\"width=device-width, initial-scale=1\">\\n\\","<title>{{env.npm_package_name}} (v{{env.npm_package_version}})</title>\\n\\","<style>\\n\\","/*csslint\\n\\","    box-sizing: false,\\n\\","    universal-selector: false\\n\\","*/\\n\\","* {\\n\\","    box-sizing: border-box;\\n\\","}\\n\\","body {\\n\\","    background: #dde;\\n\\","    font-family: Arial, Helvetica, sans-serif;\\n\\","    margin: 2rem;\\n\\","}\\n\\","body > * {\\n\\","    margin-bottom: 1rem;\\n\\","}\\n\\",".utility2FooterDiv {\\n\\","    margin-top: 20px;\\n\\","    text-align: center;\\n\\","}\\n\\","</style>\\n\\","<style>\\n\\","/*csslint\\n\\","*/\\n\\","textarea {\\n\\","    font-family: monospace;\\n\\","    height: 10rem;\\n\\","    width: 100%;\\n\\","}\\n\\","textarea[readonly] {\\n\\","    background: #ddd;\\n\\","}\\n\\","</style>\\n\\","</head>\\n\\","<body>\\n\\","<!-- utility2-comment\\n\\","<div id=\"ajaxProgressDiv1\" style=\"background: #d00; height: 2px; left: 0; margin: 0; padding: 0; position: fixed; top: 0; transition: background 0.5s, width 1.5s; width: 25%;\"></div>\\n\\","utility2-comment -->\\n\\","<h1>\\n\\","<!-- utility2-comment\\n\\","    <a\\n\\","        {{#if env.npm_package_homepage}}\\n\\","        href=\"{{env.npm_package_homepage}}\"\\n\\","        {{/if env.npm_package_homepage}}\\n\\","        target=\"_blank\"\\n\\","    >\\n\\","utility2-comment -->\\n\\","        {{env.npm_package_name}} (v{{env.npm_package_version}})\\n\\","<!-- utility2-comment\\n\\","    </a>\\n\\","utility2-comment -->\\n\\","</h1>\\n\\","<h3>{{env.npm_package_description}}</h3>\\n\\","<!-- utility2-comment\\n\\","<h4><a download href=\"assets.app.js\">download standalone app</a></h4>\\n\\","<button class=\"onclick onreset\" id=\"testRunButton1\">run internal test</button><br>\\n\\","<div id=\"testReportDiv1\" style=\"display: none;\"></div>\\n\\","utility2-comment -->\\n\\","\\n\\","\\n\\","\\n\\","<label>stderr and stdout</label>\\n\\","<textarea class=\"resettable\" id=\"outputTextareaStdout1\" readonly></textarea>\\n\\","<!-- utility2-comment\\n\\","{{#if isRollup}}\\n\\","<script src=\"assets.app.js\"></script>\\n\\","{{#unless isRollup}}\\n\\","utility2-comment -->\\n\\","<script src=\"assets.utility2.rollup.js\"></script>\\n\\","<script src=\"jsonp.utility2._stateInit?callback=window.utility2._stateInit\"></script>\\n\\","<script src=\"assets.npmtest_passport_oauth2.rollup.js\"></script>\\n\\","<script src=\"assets.example.js\"></script>\\n\\","<script src=\"assets.test.js\"></script>\\n\\","<!-- utility2-comment\\n\\","{{/if isRollup}}\\n\\","utility2-comment -->\\n\\","<div class=\"utility2FooterDiv\">\\n\\","    [ this app was created with\\n\\","    <a href=\"https://github.com/kaizhu256/node-utility2\" target=\"_blank\">utility2</a>\\n\\","    ]\\n\\","</div>\\n\\","</body>\\n\\","</html>\\n\\","';","        /* jslint-ignore-end */","        if (local.templateRender) {","            local.assetsDict['/'] = local.templateRender(","                local.assetsDict['/assets.index.template.html'],","                {","                    env: local.objectSetDefault(local.env, {","                        npm_package_description: 'the greatest app in the world!',","                        npm_package_name: 'my-app',","                        npm_package_nameAlias: 'my_app',","                        npm_package_version: '0.0.1'","                    })","                }","            );","        } else {","            local.assetsDict['/'] = local.assetsDict['/assets.index.template.html']","                .replace((/\\{\\{env\\.(\\w+?)\\}\\}/g), function (match0, match1) {","                    // jslint-hack","                    String(match0);","                    switch (match1) {","                    case 'npm_package_description':","                        return 'the greatest app in the world!';","                    case 'npm_package_name':","                        return 'my-app';","                    case 'npm_package_nameAlias':","                        return 'my_app';","                    case 'npm_package_version':","                        return '0.0.1';","                    }","                });","        }","        // run the cli","        if (local.global.utility2_rollup || module !== require.main) {","            break;","        }","        local.assetsDict['/assets.example.js'] =","            local.assetsDict['/assets.example.js'] ||","            local.fs.readFileSync(__filename, 'utf8');","        // bug-workaround - long $npm_package_buildCustomOrg","        /* jslint-ignore-begin */","        local.assetsDict['/assets.npmtest_passport_oauth2.rollup.js'] =","            local.assetsDict['/assets.npmtest_passport_oauth2.rollup.js'] ||","            local.fs.readFileSync(","                local.npmtest_passport_oauth2.__dirname + '/lib.npmtest_passport_oauth2.js',","                'utf8'","            ).replace((/^#!/), '//');","        /* jslint-ignore-end */","        local.assetsDict['/favicon.ico'] = local.assetsDict['/favicon.ico'] || '';","        // if $npm_config_timeout_exit exists,","        // then exit this process after $npm_config_timeout_exit ms","        if (Number(process.env.npm_config_timeout_exit)) {","            setTimeout(process.exit, Number(process.env.npm_config_timeout_exit));","        }","        // start server","        if (local.global.utility2_serverHttp1) {","            break;","        }","        process.env.PORT = process.env.PORT || '8081';","        console.error('server starting on port ' + process.env.PORT);","        local.http.createServer(function (request, response) {","            request.urlParsed = local.url.parse(request.url);","            if (local.assetsDict[request.urlParsed.pathname] !== undefined) {","                response.end(local.assetsDict[request.urlParsed.pathname]);","                return;","            }","            response.statusCode = 404;","            response.end();","        }).listen(process.env.PORT);","        break;","    }","}());",""],"l":{"26":2,"28":2,"33":2,"35":2,"37":2,"38":2,"39":2,"44":1,"51":2,"55":2,"59":2,"61":2,"69":1,"70":2,"76":2,"79":2,"82":2,"83":2,"85":1,"89":2,"92":1,"93":1,"94":1,"96":1,"97":1,"100":1,"101":1,"103":1,"106":1,"108":2,"114":1,"116":1,"118":1,"123":1,"124":2,"125":2,"126":3,"127":3,"128":3,"129":3,"130":1,"133":3,"134":3,"139":3,"143":1,"144":3,"145":1,"149":1,"150":1,"158":1,"160":1,"161":1,"162":1,"164":1,"166":1,"258":1,"259":1,"271":1,"274":6,"275":6,"277":1,"279":2,"281":1,"283":2,"288":1,"289":1,"291":1,"296":1,"303":1,"306":1,"307":1,"310":1,"311":1,"313":1,"314":1,"315":1,"316":1,"317":1,"318":1,"319":1,"321":1,"322":1,"324":1}},"/home/travis/build/npmtest/node-npmtest-passport-oauth2/node_modules/passport-oauth2/lib/index.js":{"path":"/home/travis/build/npmtest/node-npmtest-passport-oauth2/node_modules/passport-oauth2/lib/index.js","s":{"1":1,"2":1,"3":1,"4":1,"5":1,"6":1},"b":{},"f":{},"fnMap":{},"statementMap":{"1":{"start":{"line":2,"column":0},"end":{"line":5,"column":64}},"2":{"start":{"line":9,"column":0},"end":{"line":9,"column":36}},"3":{"start":{"line":12,"column":0},"end":{"line":12,"column":28}},"4":{"start":{"line":14,"column":0},"end":{"line":14,"column":48}},"5":{"start":{"line":15,"column":0},"end":{"line":15,"column":32}},"6":{"start":{"line":16,"column":0},"end":{"line":16,"column":48}}},"branchMap":{},"code":["// Load modules.","var Strategy = require('./strategy')","  , AuthorizationError = require('./errors/authorizationerror')","  , TokenError = require('./errors/tokenerror')","  , InternalOAuthError = require('./errors/internaloautherror');","","","// Expose Strategy.","exports = module.exports = Strategy;","","// Exports.","exports.Strategy = Strategy;","","exports.AuthorizationError = AuthorizationError;","exports.TokenError = TokenError;","exports.InternalOAuthError = InternalOAuthError;",""],"l":{"2":1,"9":1,"12":1,"14":1,"15":1,"16":1}},"/home/travis/build/npmtest/node-npmtest-passport-oauth2/node_modules/passport-oauth2/lib/strategy.js":{"path":"/home/travis/build/npmtest/node-npmtest-passport-oauth2/node_modules/passport-oauth2/lib/strategy.js","s":{"1":1,"2":1,"3":0,"4":0,"5":0,"6":0,"7":0,"8":0,"9":0,"10":0,"11":0,"12":0,"13":0,"14":0,"15":0,"16":0,"17":0,"18":0,"19":0,"20":0,"21":0,"22":0,"23":0,"24":0,"25":0,"26":0,"27":0,"28":0,"29":0,"30":0,"31":1,"32":1,"33":0,"34":0,"35":0,"36":0,"37":0,"38":0,"39":0,"40":0,"41":0,"42":0,"43":0,"44":0,"45":0,"46":1,"47":0,"48":0,"49":0,"50":0,"51":0,"52":0,"53":0,"54":0,"55":0,"56":0,"57":0,"58":0,"59":0,"60":0,"61":0,"62":1,"63":0,"64":0,"65":0,"66":0,"67":0,"68":0,"69":0,"70":0,"71":0,"72":0,"73":0,"74":0,"75":0,"76":0,"77":0,"78":0,"79":0,"80":0,"81":0,"82":0,"83":0,"84":0,"85":0,"86":0,"87":0,"88":0,"89":0,"90":0,"91":0,"92":0,"93":0,"94":0,"95":0,"96":0,"97":0,"98":0,"99":0,"100":0,"101":0,"102":0,"103":0,"104":0,"105":0,"106":0,"107":1,"108":0,"109":0,"110":0,"111":0,"112":0,"113":0,"114":0,"115":0,"116":0,"117":0,"118":0,"119":0,"120":0,"121":0,"122":0,"123":0,"124":1,"125":0,"126":1,"127":0,"128":1,"129":0,"130":1,"131":0,"132":0,"133":0,"134":0,"135":1,"136":0,"137":1,"138":0,"139":1,"140":0,"141":0,"142":0,"143":0,"144":0,"145":0,"146":0,"147":0,"148":0,"149":0,"150":0,"151":0,"152":1,"153":0,"154":0,"155":0,"156":0,"157":0,"158":0,"159":0,"160":1},"b":{"1":[0,0],"2":[0,0],"3":[0,0],"4":[0,0],"5":[0,0],"6":[0,0],"7":[0,0],"8":[0,0],"9":[0,0],"10":[0,0],"11":[0,0],"12":[0,0],"13":[0,0],"14":[0,0],"15":[0,0],"16":[0,0],"17":[0,0],"18":[0,0],"19":[0,0],"20":[0,0],"21":[0,0],"22":[0,0],"23":[0,0],"24":[0,0],"25":[0,0],"26":[0,0],"27":[0,0],"28":[0,0],"29":[0,0],"30":[0,0],"31":[0,0],"32":[0,0],"33":[0,0],"34":[0,0],"35":[0,0],"36":[0,0],"37":[0,0],"38":[0,0],"39":[0,0],"40":[0,0],"41":[0,0],"42":[0,0],"43":[0,0],"44":[0,0],"45":[0,0],"46":[0,0],"47":[0,0],"48":[0,0],"49":[0,0],"50":[0,0],"51":[0,0]},"f":{"1":0,"2":0,"3":0,"4":0,"5":0,"6":0,"7":0,"8":0,"9":0,"10":0,"11":0,"12":0,"13":0,"14":0,"15":0,"16":0},"fnMap":{"1":{"name":"OAuth2Strategy","line":72,"loc":{"start":{"line":72,"column":0},"end":{"line":72,"column":41}}},"2":{"name":"(anonymous_2)","line":123,"loc":{"start":{"line":123,"column":40},"end":{"line":123,"column":63}}},"3":{"name":"loaded","line":152,"loc":{"start":{"line":152,"column":4},"end":{"line":152,"column":36}}},"4":{"name":"(anonymous_4)","line":165,"loc":{"start":{"line":165,"column":8},"end":{"line":165,"column":57}}},"5":{"name":"(anonymous_5)","line":168,"loc":{"start":{"line":168,"column":45},"end":{"line":168,"column":68}}},"6":{"name":"verified","line":171,"loc":{"start":{"line":171,"column":12},"end":{"line":171,"column":47}}},"7":{"name":"stored","line":236,"loc":{"start":{"line":236,"column":6},"end":{"line":236,"column":34}}},"8":{"name":"(anonymous_8)","line":274,"loc":{"start":{"line":274,"column":39},"end":{"line":274,"column":67}}},"9":{"name":"(anonymous_9)","line":291,"loc":{"start":{"line":291,"column":47},"end":{"line":291,"column":65}}},"10":{"name":"(anonymous_10)","line":307,"loc":{"start":{"line":307,"column":39},"end":{"line":307,"column":57}}},"11":{"name":"(anonymous_11)","line":326,"loc":{"start":{"line":326,"column":46},"end":{"line":326,"column":69}}},"12":{"name":"(anonymous_12)","line":341,"loc":{"start":{"line":341,"column":44},"end":{"line":341,"column":72}}},"13":{"name":"loadIt","line":344,"loc":{"start":{"line":344,"column":2},"end":{"line":344,"column":20}}},"14":{"name":"skipIt","line":347,"loc":{"start":{"line":347,"column":2},"end":{"line":347,"column":20}}},"15":{"name":"(anonymous_15)","line":353,"loc":{"start":{"line":353,"column":39},"end":{"line":353,"column":59}}},"16":{"name":"(anonymous_16)","line":372,"loc":{"start":{"line":372,"column":45},"end":{"line":372,"column":68}}}},"statementMap":{"1":{"start":{"line":2,"column":0},"end":{"line":11,"column":64}},"2":{"start":{"line":72,"column":0},"end":{"line":111,"column":1}},"3":{"start":{"line":73,"column":2},"end":{"line":76,"column":3}},"4":{"start":{"line":74,"column":4},"end":{"line":74,"column":21}},"5":{"start":{"line":75,"column":4},"end":{"line":75,"column":24}},"6":{"start":{"line":77,"column":2},"end":{"line":77,"column":26}},"7":{"start":{"line":79,"column":2},"end":{"line":79,"column":84}},"8":{"start":{"line":79,"column":17},"end":{"line":79,"column":82}},"9":{"start":{"line":80,"column":2},"end":{"line":80,"column":110}},"10":{"start":{"line":80,"column":35},"end":{"line":80,"column":108}},"11":{"start":{"line":81,"column":2},"end":{"line":81,"column":94}},"12":{"start":{"line":81,"column":27},"end":{"line":81,"column":92}},"13":{"start":{"line":82,"column":2},"end":{"line":82,"column":94}},"14":{"start":{"line":82,"column":27},"end":{"line":82,"column":92}},"15":{"start":{"line":84,"column":2},"end":{"line":84,"column":31}},"16":{"start":{"line":85,"column":2},"end":{"line":85,"column":23}},"17":{"start":{"line":86,"column":2},"end":{"line":86,"column":24}},"18":{"start":{"line":91,"column":2},"end":{"line":92,"column":77}},"19":{"start":{"line":94,"column":2},"end":{"line":94,"column":42}},"20":{"start":{"line":95,"column":2},"end":{"line":95,"column":30}},"21":{"start":{"line":96,"column":2},"end":{"line":96,"column":55}},"22":{"start":{"line":97,"column":2},"end":{"line":97,"column":95}},"23":{"start":{"line":99,"column":2},"end":{"line":107,"column":3}},"24":{"start":{"line":100,"column":4},"end":{"line":100,"column":37}},"25":{"start":{"line":102,"column":4},"end":{"line":106,"column":5}},"26":{"start":{"line":103,"column":6},"end":{"line":103,"column":67}},"27":{"start":{"line":105,"column":6},"end":{"line":105,"column":46}},"28":{"start":{"line":108,"column":2},"end":{"line":108,"column":35}},"29":{"start":{"line":109,"column":2},"end":{"line":109,"column":54}},"30":{"start":{"line":110,"column":2},"end":{"line":110,"column":100}},"31":{"start":{"line":114,"column":0},"end":{"line":114,"column":49}},"32":{"start":{"line":123,"column":0},"end":{"line":260,"column":2}},"33":{"start":{"line":124,"column":2},"end":{"line":124,"column":26}},"34":{"start":{"line":125,"column":2},"end":{"line":125,"column":18}},"35":{"start":{"line":127,"column":2},"end":{"line":133,"column":3}},"36":{"start":{"line":128,"column":4},"end":{"line":132,"column":5}},"37":{"start":{"line":129,"column":6},"end":{"line":129,"column":65}},"38":{"start":{"line":131,"column":6},"end":{"line":131,"column":115}},"39":{"start":{"line":135,"column":2},"end":{"line":135,"column":61}},"40":{"start":{"line":136,"column":2},"end":{"line":143,"column":3}},"41":{"start":{"line":137,"column":4},"end":{"line":137,"column":40}},"42":{"start":{"line":138,"column":4},"end":{"line":142,"column":5}},"43":{"start":{"line":141,"column":6},"end":{"line":141,"column":98}},"44":{"start":{"line":145,"column":2},"end":{"line":149,"column":3}},"45":{"start":{"line":151,"column":2},"end":{"line":259,"column":3}},"46":{"start":{"line":152,"column":4},"end":{"line":202,"column":5}},"47":{"start":{"line":153,"column":6},"end":{"line":153,"column":42}},"48":{"start":{"line":153,"column":17},"end":{"line":153,"column":40}},"49":{"start":{"line":154,"column":6},"end":{"line":156,"column":7}},"50":{"start":{"line":155,"column":8},"end":{"line":155,"column":37}},"51":{"start":{"line":158,"column":6},"end":{"line":158,"column":32}},"52":{"start":{"line":160,"column":6},"end":{"line":160,"column":45}},"53":{"start":{"line":161,"column":6},"end":{"line":161,"column":47}},"54":{"start":{"line":162,"column":6},"end":{"line":162,"column":61}},"55":{"start":{"line":162,"column":25},"end":{"line":162,"column":59}},"56":{"start":{"line":164,"column":6},"end":{"line":201,"column":8}},"57":{"start":{"line":166,"column":10},"end":{"line":166,"column":103}},"58":{"start":{"line":166,"column":21},"end":{"line":166,"column":101}},"59":{"start":{"line":168,"column":10},"end":{"line":199,"column":13}},"60":{"start":{"line":169,"column":12},"end":{"line":169,"column":48}},"61":{"start":{"line":169,"column":23},"end":{"line":169,"column":46}},"62":{"start":{"line":171,"column":12},"end":{"line":178,"column":13}},"63":{"start":{"line":172,"column":14},"end":{"line":172,"column":50}},"64":{"start":{"line":172,"column":25},"end":{"line":172,"column":48}},"65":{"start":{"line":173,"column":14},"end":{"line":173,"column":52}},"66":{"start":{"line":173,"column":27},"end":{"line":173,"column":50}},"67":{"start":{"line":175,"column":14},"end":{"line":175,"column":32}},"68":{"start":{"line":176,"column":14},"end":{"line":176,"column":48}},"69":{"start":{"line":176,"column":27},"end":{"line":176,"column":46}},"70":{"start":{"line":177,"column":14},"end":{"line":177,"column":39}},"71":{"start":{"line":180,"column":12},"end":{"line":198,"column":13}},"72":{"start":{"line":181,"column":14},"end":{"line":195,"column":15}},"73":{"start":{"line":182,"column":16},"end":{"line":182,"column":48}},"74":{"start":{"line":183,"column":16},"end":{"line":187,"column":17}},"75":{"start":{"line":184,"column":18},"end":{"line":184,"column":90}},"76":{"start":{"line":186,"column":18},"end":{"line":186,"column":82}},"77":{"start":{"line":189,"column":16},"end":{"line":189,"column":48}},"78":{"start":{"line":190,"column":16},"end":{"line":194,"column":17}},"79":{"start":{"line":191,"column":18},"end":{"line":191,"column":85}},"80":{"start":{"line":193,"column":18},"end":{"line":193,"column":77}},"81":{"start":{"line":197,"column":14},"end":{"line":197,"column":36}},"82":{"start":{"line":204,"column":4},"end":{"line":204,"column":32}},"83":{"start":{"line":205,"column":4},"end":{"line":214,"column":5}},"84":{"start":{"line":206,"column":6},"end":{"line":206,"column":49}},"85":{"start":{"line":207,"column":6},"end":{"line":211,"column":7}},"86":{"start":{"line":208,"column":8},"end":{"line":208,"column":58}},"87":{"start":{"line":210,"column":8},"end":{"line":210,"column":52}},"88":{"start":{"line":213,"column":6},"end":{"line":213,"column":28}},"89":{"start":{"line":216,"column":4},"end":{"line":216,"column":51}},"90":{"start":{"line":217,"column":4},"end":{"line":217,"column":34}},"91":{"start":{"line":218,"column":4},"end":{"line":218,"column":59}},"92":{"start":{"line":218,"column":23},"end":{"line":218,"column":57}},"93":{"start":{"line":219,"column":4},"end":{"line":219,"column":45}},"94":{"start":{"line":220,"column":4},"end":{"line":223,"column":5}},"95":{"start":{"line":221,"column":6},"end":{"line":221,"column":77}},"96":{"start":{"line":221,"column":34},"end":{"line":221,"column":75}},"97":{"start":{"line":222,"column":6},"end":{"line":222,"column":27}},"98":{"start":{"line":225,"column":4},"end":{"line":225,"column":30}},"99":{"start":{"line":226,"column":4},"end":{"line":258,"column":5}},"100":{"start":{"line":227,"column":6},"end":{"line":227,"column":27}},"101":{"start":{"line":229,"column":6},"end":{"line":229,"column":63}},"102":{"start":{"line":230,"column":6},"end":{"line":230,"column":40}},"103":{"start":{"line":231,"column":6},"end":{"line":231,"column":57}},"104":{"start":{"line":232,"column":6},"end":{"line":232,"column":27}},"105":{"start":{"line":233,"column":6},"end":{"line":233,"column":40}},"106":{"start":{"line":234,"column":6},"end":{"line":234,"column":30}},"107":{"start":{"line":236,"column":6},"end":{"line":246,"column":7}},"108":{"start":{"line":237,"column":8},"end":{"line":237,"column":44}},"109":{"start":{"line":237,"column":19},"end":{"line":237,"column":42}},"110":{"start":{"line":239,"column":8},"end":{"line":239,"column":44}},"111":{"start":{"line":239,"column":21},"end":{"line":239,"column":42}},"112":{"start":{"line":240,"column":8},"end":{"line":240,"column":65}},"113":{"start":{"line":241,"column":8},"end":{"line":241,"column":42}},"114":{"start":{"line":242,"column":8},"end":{"line":242,"column":59}},"115":{"start":{"line":243,"column":8},"end":{"line":243,"column":29}},"116":{"start":{"line":244,"column":8},"end":{"line":244,"column":42}},"117":{"start":{"line":245,"column":8},"end":{"line":245,"column":32}},"118":{"start":{"line":248,"column":6},"end":{"line":257,"column":7}},"119":{"start":{"line":249,"column":8},"end":{"line":249,"column":50}},"120":{"start":{"line":250,"column":8},"end":{"line":254,"column":9}},"121":{"start":{"line":251,"column":10},"end":{"line":251,"column":52}},"122":{"start":{"line":253,"column":10},"end":{"line":253,"column":46}},"123":{"start":{"line":256,"column":8},"end":{"line":256,"column":30}},"124":{"start":{"line":274,"column":0},"end":{"line":276,"column":2}},"125":{"start":{"line":275,"column":2},"end":{"line":275,"column":24}},"126":{"start":{"line":291,"column":0},"end":{"line":293,"column":2}},"127":{"start":{"line":292,"column":2},"end":{"line":292,"column":12}},"128":{"start":{"line":307,"column":0},"end":{"line":309,"column":2}},"129":{"start":{"line":308,"column":2},"end":{"line":308,"column":12}},"130":{"start":{"line":326,"column":0},"end":{"line":332,"column":2}},"131":{"start":{"line":327,"column":2},"end":{"line":327,"column":30}},"132":{"start":{"line":328,"column":2},"end":{"line":330,"column":3}},"133":{"start":{"line":329,"column":4},"end":{"line":329,"column":78}},"134":{"start":{"line":331,"column":2},"end":{"line":331,"column":14}},"135":{"start":{"line":341,"column":0},"end":{"line":363,"column":2}},"136":{"start":{"line":342,"column":2},"end":{"line":342,"column":18}},"137":{"start":{"line":344,"column":2},"end":{"line":346,"column":3}},"138":{"start":{"line":345,"column":4},"end":{"line":345,"column":47}},"139":{"start":{"line":347,"column":2},"end":{"line":349,"column":3}},"140":{"start":{"line":348,"column":4},"end":{"line":348,"column":22}},"141":{"start":{"line":351,"column":2},"end":{"line":362,"column":3}},"142":{"start":{"line":353,"column":4},"end":{"line":357,"column":7}},"143":{"start":{"line":354,"column":6},"end":{"line":354,"column":36}},"144":{"start":{"line":354,"column":17},"end":{"line":354,"column":34}},"145":{"start":{"line":355,"column":6},"end":{"line":355,"column":37}},"146":{"start":{"line":355,"column":19},"end":{"line":355,"column":35}},"147":{"start":{"line":356,"column":6},"end":{"line":356,"column":22}},"148":{"start":{"line":359,"column":4},"end":{"line":359,"column":110}},"149":{"start":{"line":360,"column":4},"end":{"line":360,"column":35}},"150":{"start":{"line":360,"column":17},"end":{"line":360,"column":33}},"151":{"start":{"line":361,"column":4},"end":{"line":361,"column":20}},"152":{"start":{"line":372,"column":0},"end":{"line":381,"column":2}},"153":{"start":{"line":373,"column":2},"end":{"line":373,"column":8}},"154":{"start":{"line":374,"column":2},"end":{"line":378,"column":3}},"155":{"start":{"line":375,"column":4},"end":{"line":377,"column":18}},"156":{"start":{"line":376,"column":6},"end":{"line":376,"column":60}},"157":{"start":{"line":379,"column":2},"end":{"line":379,"column":55}},"158":{"start":{"line":379,"column":12},"end":{"line":379,"column":53}},"159":{"start":{"line":380,"column":2},"end":{"line":380,"column":11}},"160":{"start":{"line":385,"column":0},"end":{"line":385,"column":32}}},"branchMap":{"1":{"line":73,"type":"if","locations":[{"start":{"line":73,"column":2},"end":{"line":73,"column":2}},{"start":{"line":73,"column":2},"end":{"line":73,"column":2}}]},"2":{"line":77,"type":"binary-expr","locations":[{"start":{"line":77,"column":12},"end":{"line":77,"column":19}},{"start":{"line":77,"column":23},"end":{"line":77,"column":25}}]},"3":{"line":79,"type":"if","locations":[{"start":{"line":79,"column":2},"end":{"line":79,"column":2}},{"start":{"line":79,"column":2},"end":{"line":79,"column":2}}]},"4":{"line":80,"type":"if","locations":[{"start":{"line":80,"column":2},"end":{"line":80,"column":2}},{"start":{"line":80,"column":2},"end":{"line":80,"column":2}}]},"5":{"line":81,"type":"if","locations":[{"start":{"line":81,"column":2},"end":{"line":81,"column":2}},{"start":{"line":81,"column":2},"end":{"line":81,"column":2}}]},"6":{"line":82,"type":"if","locations":[{"start":{"line":82,"column":2},"end":{"line":82,"column":2}},{"start":{"line":82,"column":2},"end":{"line":82,"column":2}}]},"7":{"line":96,"type":"binary-expr","locations":[{"start":{"line":96,"column":25},"end":{"line":96,"column":47}},{"start":{"line":96,"column":51},"end":{"line":96,"column":54}}]},"8":{"line":97,"type":"binary-expr","locations":[{"start":{"line":97,"column":14},"end":{"line":97,"column":32}},{"start":{"line":97,"column":37},"end":{"line":97,"column":93}}]},"9":{"line":99,"type":"if","locations":[{"start":{"line":99,"column":2},"end":{"line":99,"column":2}},{"start":{"line":99,"column":2},"end":{"line":99,"column":2}}]},"10":{"line":102,"type":"if","locations":[{"start":{"line":102,"column":4},"end":{"line":102,"column":4}},{"start":{"line":102,"column":4},"end":{"line":102,"column":4}}]},"11":{"line":110,"type":"cond-expr","locations":[{"start":{"line":110,"column":68},"end":{"line":110,"column":73}},{"start":{"line":110,"column":76},"end":{"line":110,"column":99}}]},"12":{"line":124,"type":"binary-expr","locations":[{"start":{"line":124,"column":12},"end":{"line":124,"column":19}},{"start":{"line":124,"column":23},"end":{"line":124,"column":25}}]},"13":{"line":127,"type":"if","locations":[{"start":{"line":127,"column":2},"end":{"line":127,"column":2}},{"start":{"line":127,"column":2},"end":{"line":127,"column":2}}]},"14":{"line":127,"type":"binary-expr","locations":[{"start":{"line":127,"column":6},"end":{"line":127,"column":15}},{"start":{"line":127,"column":19},"end":{"line":127,"column":34}}]},"15":{"line":128,"type":"if","locations":[{"start":{"line":128,"column":4},"end":{"line":128,"column":4}},{"start":{"line":128,"column":4},"end":{"line":128,"column":4}}]},"16":{"line":135,"type":"binary-expr","locations":[{"start":{"line":135,"column":20},"end":{"line":135,"column":39}},{"start":{"line":135,"column":43},"end":{"line":135,"column":60}}]},"17":{"line":136,"type":"if","locations":[{"start":{"line":136,"column":2},"end":{"line":136,"column":2}},{"start":{"line":136,"column":2},"end":{"line":136,"column":2}}]},"18":{"line":138,"type":"if","locations":[{"start":{"line":138,"column":4},"end":{"line":138,"column":4}},{"start":{"line":138,"column":4},"end":{"line":138,"column":4}}]},"19":{"line":151,"type":"if","locations":[{"start":{"line":151,"column":2},"end":{"line":151,"column":2}},{"start":{"line":151,"column":2},"end":{"line":151,"column":2}}]},"20":{"line":151,"type":"binary-expr","locations":[{"start":{"line":151,"column":6},"end":{"line":151,"column":15}},{"start":{"line":151,"column":19},"end":{"line":151,"column":33}}]},"21":{"line":153,"type":"if","locations":[{"start":{"line":153,"column":6},"end":{"line":153,"column":6}},{"start":{"line":153,"column":6},"end":{"line":153,"column":6}}]},"22":{"line":154,"type":"if","locations":[{"start":{"line":154,"column":6},"end":{"line":154,"column":6}},{"start":{"line":154,"column":6},"end":{"line":154,"column":6}}]},"23":{"line":162,"type":"if","locations":[{"start":{"line":162,"column":6},"end":{"line":162,"column":6}},{"start":{"line":162,"column":6},"end":{"line":162,"column":6}}]},"24":{"line":166,"type":"if","locations":[{"start":{"line":166,"column":10},"end":{"line":166,"column":10}},{"start":{"line":166,"column":10},"end":{"line":166,"column":10}}]},"25":{"line":169,"type":"if","locations":[{"start":{"line":169,"column":12},"end":{"line":169,"column":12}},{"start":{"line":169,"column":12},"end":{"line":169,"column":12}}]},"26":{"line":172,"type":"if","locations":[{"start":{"line":172,"column":14},"end":{"line":172,"column":14}},{"start":{"line":172,"column":14},"end":{"line":172,"column":14}}]},"27":{"line":173,"type":"if","locations":[{"start":{"line":173,"column":14},"end":{"line":173,"column":14}},{"start":{"line":173,"column":14},"end":{"line":173,"column":14}}]},"28":{"line":175,"type":"binary-expr","locations":[{"start":{"line":175,"column":21},"end":{"line":175,"column":25}},{"start":{"line":175,"column":29},"end":{"line":175,"column":31}}]},"29":{"line":176,"type":"if","locations":[{"start":{"line":176,"column":14},"end":{"line":176,"column":14}},{"start":{"line":176,"column":14},"end":{"line":176,"column":14}}]},"30":{"line":181,"type":"if","locations":[{"start":{"line":181,"column":14},"end":{"line":181,"column":14}},{"start":{"line":181,"column":14},"end":{"line":181,"column":14}}]},"31":{"line":183,"type":"if","locations":[{"start":{"line":183,"column":16},"end":{"line":183,"column":16}},{"start":{"line":183,"column":16},"end":{"line":183,"column":16}}]},"32":{"line":190,"type":"if","locations":[{"start":{"line":190,"column":16},"end":{"line":190,"column":16}},{"start":{"line":190,"column":16},"end":{"line":190,"column":16}}]},"33":{"line":207,"type":"if","locations":[{"start":{"line":207,"column":6},"end":{"line":207,"column":6}},{"start":{"line":207,"column":6},"end":{"line":207,"column":6}}]},"34":{"line":218,"type":"if","locations":[{"start":{"line":218,"column":4},"end":{"line":218,"column":4}},{"start":{"line":218,"column":4},"end":{"line":218,"column":4}}]},"35":{"line":219,"type":"binary-expr","locations":[{"start":{"line":219,"column":16},"end":{"line":219,"column":29}},{"start":{"line":219,"column":33},"end":{"line":219,"column":44}}]},"36":{"line":220,"type":"if","locations":[{"start":{"line":220,"column":4},"end":{"line":220,"column":4}},{"start":{"line":220,"column":4},"end":{"line":220,"column":4}}]},"37":{"line":221,"type":"if","locations":[{"start":{"line":221,"column":6},"end":{"line":221,"column":6}},{"start":{"line":221,"column":6},"end":{"line":221,"column":6}}]},"38":{"line":226,"type":"if","locations":[{"start":{"line":226,"column":4},"end":{"line":226,"column":4}},{"start":{"line":226,"column":4},"end":{"line":226,"column":4}}]},"39":{"line":237,"type":"if","locations":[{"start":{"line":237,"column":8},"end":{"line":237,"column":8}},{"start":{"line":237,"column":8},"end":{"line":237,"column":8}}]},"40":{"line":239,"type":"if","locations":[{"start":{"line":239,"column":8},"end":{"line":239,"column":8}},{"start":{"line":239,"column":8},"end":{"line":239,"column":8}}]},"41":{"line":250,"type":"if","locations":[{"start":{"line":250,"column":8},"end":{"line":250,"column":8}},{"start":{"line":250,"column":8},"end":{"line":250,"column":8}}]},"42":{"line":328,"type":"if","locations":[{"start":{"line":328,"column":2},"end":{"line":328,"column":2}},{"start":{"line":328,"column":2},"end":{"line":328,"column":2}}]},"43":{"line":351,"type":"if","locations":[{"start":{"line":351,"column":2},"end":{"line":351,"column":2}},{"start":{"line":351,"column":2},"end":{"line":351,"column":2}}]},"44":{"line":351,"type":"binary-expr","locations":[{"start":{"line":351,"column":6},"end":{"line":351,"column":48}},{"start":{"line":351,"column":52},"end":{"line":351,"column":84}}]},"45":{"line":354,"type":"if","locations":[{"start":{"line":354,"column":6},"end":{"line":354,"column":6}},{"start":{"line":354,"column":6},"end":{"line":354,"column":6}}]},"46":{"line":355,"type":"if","locations":[{"start":{"line":355,"column":6},"end":{"line":355,"column":6}},{"start":{"line":355,"column":6},"end":{"line":355,"column":6}}]},"47":{"line":359,"type":"cond-expr","locations":[{"start":{"line":359,"column":62},"end":{"line":359,"column":85}},{"start":{"line":359,"column":88},"end":{"line":359,"column":109}}]},"48":{"line":360,"type":"if","locations":[{"start":{"line":360,"column":4},"end":{"line":360,"column":4}},{"start":{"line":360,"column":4},"end":{"line":360,"column":4}}]},"49":{"line":374,"type":"if","locations":[{"start":{"line":374,"column":2},"end":{"line":374,"column":2}},{"start":{"line":374,"column":2},"end":{"line":374,"column":2}}]},"50":{"line":374,"type":"binary-expr","locations":[{"start":{"line":374,"column":6},"end":{"line":374,"column":20}},{"start":{"line":374,"column":24},"end":{"line":374,"column":32}}]},"51":{"line":379,"type":"if","locations":[{"start":{"line":379,"column":2},"end":{"line":379,"column":2}},{"start":{"line":379,"column":2},"end":{"line":379,"column":2}}]}},"code":["// Load modules.","var passport = require('passport-strategy')","  , url = require('url')","  , util = require('util')","  , utils = require('./utils')","  , OAuth2 = require('oauth').OAuth2","  , NullStateStore = require('./state/null')","  , SessionStateStore = require('./state/session')","  , AuthorizationError = require('./errors/authorizationerror')","  , TokenError = require('./errors/tokenerror')","  , InternalOAuthError = require('./errors/internaloautherror');","","","/**"," * Creates an instance of `OAuth2Strategy`."," *"," * The OAuth 2.0 authentication strategy authenticates requests using the OAuth"," * 2.0 framework."," *"," * OAuth 2.0 provides a facility for delegated authentication, whereby users can"," * authenticate using a third-party service such as Facebook.  Delegating in"," * this manner involves a sequence of events, including redirecting the user to"," * the third-party service for authorization.  Once authorization has been"," * granted, the user is redirected back to the application and an authorization"," * code can be used to obtain credentials."," *"," * Applications must supply a `verify` callback, for which the function"," * signature is:"," *"," *     function(accessToken, refreshToken, profile, done) { ... }"," *"," * The verify callback is responsible for finding or creating the user, and"," * invoking `done` with the following arguments:"," *"," *     done(err, user, info);"," *"," * `user` should be set to `false` to indicate an authentication failure."," * Additional `info` can optionally be passed as a third argument, typically"," * used to display informational messages.  If an exception occured, `err`"," * should be set."," *"," * Options:"," *"," *   - `authorizationURL`  URL used to obtain an authorization grant"," *   - `tokenURL`          URL used to obtain an access token"," *   - `clientID`          identifies client to service provider"," *   - `clientSecret`      secret used to establish ownership of the client identifer"," *   - `callbackURL`       URL to which the service provider will redirect the user after obtaining authorization"," *   - `passReqToCallback` when `true`, `req` is the first argument to the verify callback (default: `false`)"," *"," * Examples:"," *"," *     passport.use(new OAuth2Strategy({"," *         authorizationURL: 'https://www.example.com/oauth2/authorize',"," *         tokenURL: 'https://www.example.com/oauth2/token',"," *         clientID: '123-456-789',"," *         clientSecret: 'shhh-its-a-secret'"," *         callbackURL: 'https://www.example.net/auth/example/callback'"," *       },"," *       function(accessToken, refreshToken, profile, done) {"," *         User.findOrCreate(..., function (err, user) {"," *           done(err, user);"," *         });"," *       }"," *     ));"," *"," * @constructor"," * @param {Object} options"," * @param {Function} verify"," * @api public"," */","function OAuth2Strategy(options, verify) {","  if (typeof options == 'function') {","    verify = options;","    options = undefined;","  }","  options = options || {};","","  if (!verify) { throw new TypeError('OAuth2Strategy requires a verify callback'); }","  if (!options.authorizationURL) { throw new TypeError('OAuth2Strategy requires a authorizationURL option'); }","  if (!options.tokenURL) { throw new TypeError('OAuth2Strategy requires a tokenURL option'); }","  if (!options.clientID) { throw new TypeError('OAuth2Strategy requires a clientID option'); }","","  passport.Strategy.call(this);","  this.name = 'oauth2';","  this._verify = verify;","","  // NOTE: The _oauth2 property is considered \"protected\".  Subclasses are","  //       allowed to use it when making protected resource requests to retrieve","  //       the user profile.","  this._oauth2 = new OAuth2(options.clientID,  options.clientSecret,","      '', options.authorizationURL, options.tokenURL, options.customHeaders);","","  this._callbackURL = options.callbackURL;","  this._scope = options.scope;","  this._scopeSeparator = options.scopeSeparator || ' ';","  this._key = options.sessionKey || ('oauth2:' + url.parse(options.authorizationURL).hostname);","","  if (options.store) {","    this._stateStore = options.store;","  } else {","    if (options.state) {","      this._stateStore = new SessionStateStore({ key: this._key });","    } else {","      this._stateStore = new NullStateStore();","    }","  }","  this._trustProxy = options.proxy;","  this._passReqToCallback = options.passReqToCallback;","  this._skipUserProfile = (options.skipUserProfile === und
[...]
detect if the request was encrypted to"," * the proxy, assuming that the proxy has been flagged as trusted."," *"," * @param {http.IncomingMessage} req"," * @param {Object} [options]"," * @return {String}"," * @api private"," */","exports.originalURL = function(req, options) {","  options = options || {};","  var app = req.app;","  if (app && app.get && app.get('trust proxy')) {","    options.proxy = true;","  }","  var trustProxy = options.proxy;","  ","  var proto = (req.headers['x-forwarded-proto'] || '').toLowerCase()","    , tls = req.connection.encrypted || (trustProxy && 'https' == proto.split(/\\s*,\\s*/)[0])","    , host = (trustProxy && req.headers['x-forwarded-host']) || req.headers.host","    , protocol = tls ? 'https' : 'http'","    , path = req.url || '';","  return protocol + '://' + host + path;","};",""],"l":{"1":1,"18":1,"19":0,"20":0,"21":0,"22":0,"24":0,"26":0,"31":0}},"/home/travis/build/npmtest/node-npmtest-passport-oauth2/node_modules/passport-oauth2/lib/state/null.js":{"path":"/home/travis/build/npmtest/node-npmtest-passport-oauth2/node_modules/passport-oauth2/lib/state/null.js","s":{"1":1,"2":1,"3":0,"4":1,"5":0,"6":1},"b":{},"f":{"1":0,"2":0,"3":0},"fnMap":{"1":{"name":"NullStore","line":1,"loc":{"start":{"line":1,"column":0},"end":{"line":1,"column":28}}},"2":{"name":"(anonymous_2)","line":4,"loc":{"start":{"line":4,"column":28},"end":{"line":4,"column":46}}},"3":{"name":"(anonymous_3)","line":8,"loc":{"start":{"line":8,"column":29},"end":{"line":8,"column":62}}}},"statementMap":{"1":{"start":{"line":1,"column":0},"end":{"line":2,"column":1}},"2":{"start":{"line":4,"column":0},"end":{"line":6,"column":1}},"3":{"start":{"line":5,"column":2},"end":{"line":5,"column":7}},"4":{"start":{"line":8,"column":0},"end":{"line":10,"column":1}},"5":{"start":{"line":9,"column":2},"end":{"line":9,"column":17}},"6":{"start":{"line":13,"column":0},"end":{"line":13,"column":27}}},"branchMap":{},"code":["function NullStore(options) {","}","","NullStore.prototype.store = function(req, cb) {","  cb();","}","","NullStore.prototype.verify = function(req, providedState, cb) {","  cb(null, true);","}","","","module.exports = NullStore;",""],"l":{"1":1,"4":1,"5":0,"8":1,"9":0,"13":1}},"/home/travis/build/npmtest/node-npmtest-passport-oauth2/node_modules/passport-oauth2/lib/state/session.js":{"path":"/home/travis/build/npmtest/node-npmtest-passport-oauth2/node_modules/passport-oauth2/lib/state/session.js","s":{"1":1,"2":1,"3":0,"4":0,"5":0,"6":1,"7":0,"8":0,"9":0,"10":0,"11":0,"12":0,"13":0,"14":0,"15":1,"16":0,"17":0,"18":0,"19":0,"20":0,"21":0,"22":0,"23":0,"24":0,"25":0,"26":0,"27":0,"28":0,"29":0,"30":1},"b":{"1":[0,0],"2":[0,0],"3":[0,0],"4":[0,0],"5":[0,0],"6":[0,0],"7":[0,0],"8":[0,0]},"f":{"1":0,"2":0,"3":0},"fnMap":{"1":{"name":"SessionStore","line":22,"loc":{"start":{"line":22,"column":0},"end":{"line":22,"column":31}}},"2":{"name":"(anonymous_2)","line":38,"loc":{"start":{"line":38,"column":31},"end":{"line":38,"column":55}}},"3":{"name":"(anonymous_3)","line":59,"loc":{"start":{"line":59,"column":32},"end":{"line":59,"column":71}}}},"statementMap":{"1":{"start":{"line":1,"column":0},"end":{"line":1,"column":26}},"2":{"start":{"line":22,"column":0},"end":{"line":25,"column":1}},"3":{"start":{"line":23,"column":2},"end":{"line":23,"column":96}},"4":{"start":{"line":23,"column":22},"end":{"line":23,"column":94}},"5":{"start":{"line":24,"column":2},"end":{"line":24,"column":26}},"6":{"start":{"line":38,"column":0},"end":{"line":46,"column":2}},"7":{"start":{"line":39,"column":2},"end":{"line":39,"column":172}},"8":{"start":{"line":39,"column":22},"end":{"line":39,"column":170}},"9":{"start":{"line":41,"column":2},"end":{"line":41,"column":22}},"10":{"start":{"line":42,"column":2},"end":{"line":42,"column":22}},"11":{"start":{"line":43,"column":2},"end":{"line":43,"column":51}},"12":{"start":{"line":43,"column":27},"end":{"line":43,"column":49}},"13":{"start":{"line":44,"column":2},"end":{"line":44,"column":33}},"14":{"start":{"line":45,"column":2},"end":{"line":45,"column":24}},"15":{"start":{"line":59,"column":0},"end":{"line":82,"column":2}},"16":{"start":{"line":60,"column":2},"end":{"line":60,"column":172}},"17":{"start":{"line":60,"column":22},"end":{"line":60,"column":170}},"18":{"start":{"line":62,"column":2},"end":{"line":62,"column":22}},"19":{"start":{"line":63,"column":2},"end":{"line":65,"column":3}},"20":{"start":{"line":64,"column":3},"end":{"line":64,"column":94}},"21":{"start":{"line":67,"column":2},"end":{"line":67,"column":37}},"22":{"start":{"line":68,"column":2},"end":{"line":70,"column":3}},"23":{"start":{"line":69,"column":3},"end":{"line":69,"column":94}},"24":{"start":{"line":72,"column":2},"end":{"line":72,"column":32}},"25":{"start":{"line":73,"column":2},"end":{"line":75,"column":3}},"26":{"start":{"line":74,"column":3},"end":{"line":74,"column":27}},"27":{"start":{"line":77,"column":2},"end":{"line":79,"column":3}},"28":{"start":{"line":78,"column":3},"end":{"line":78,"column":85}},"29":{"start":{"line":81,"column":2},"end":{"line":81,"column":30}},"30":{"start":{"line":85,"column":0},"end":{"line":85,"column":30}}},"branchMap":{"1":{"line":23,"type":"if","locations":[{"start":{"line":23,"column":2},"end":{"line":23,"column":2}},{"start":{"line":23,"column":2},"end":{"line":23,"column":2}}]},"2":{"line":39,"type":"if","locations":[{"start":{"line":39,"column":2},"end":{"line":39,"column":2}},{"start":{"line":39,"column":2},"end":{"line":39,"column":2}}]},"3":{"line":43,"type":"if","locations":[{"start":{"line":43,"column":2},"end":{"line":43,"column":2}},{"start":{"line":43,"column":2},"end":{"line":43,"column":2}}]},"4":{"line":60,"type":"if","locations":[{"start":{"line":60,"column":2},"end":{"line":60,"column":2}},{"start":{"line":60,"column":2},"end":{"line":60,"column":2}}]},"5":{"line":63,"type":"if","locations":[{"start":{"line":63,"column":2},"end":{"line":63,"column":2}},{"start":{"line":63,"column":2},"end":{"line":63,"column":2}}]},"6":{"line":68,"type":"if","locations":[{"start":{"line":68,"column":2},"end":{"line":68,"column":2}},{"start":{"line":68,"column":2},"end":{"line":68,"column":2}}]},"7":{"line":73,"type":"if","locations":[{"start":{"line":73,"column":2},"end":{"line":73,"column":2}},{"start":{"line":73,"column":2},"end":{"line":73,"column":2}}]},"8":{"line":77,"type":"if","locations":[{"start":{"line":77,"column":2},"end":{"line":77,"column":2}},{"start":{"line":77,"column":2},"end":{"line":77,"column":2}}]}},"code":["var uid = require('uid2');","","/**"," * Creates an instance of `SessionStore`."," *"," * This is the state store implementation for the OAuth2Strategy used when"," * the `state` option is enabled.  It generates a random state and stores it in"," * `req.session` and verifies it when the service provider redirects the user"," * back to the application."," *"," * This state store requires session support.  If no session exists, an error"," * will be thrown."," *"," * Options:"," *"," *   - `key`  The key in the session under which to store the state"," *"," * @constructor"," * @param {Object} options"," * @api public"," */","function SessionStore(options) {","  if (!options.key) { throw new TypeError('Session-based state store requires a session key'); }","  this._key = options.key;","}","","/**"," * Store request state."," *"," * This implementation simply generates a random string and stores the value in"," * the session, where it will be used for verification when the user is"," * redirected back to the application."," *"," * @param {Object} req"," * @param {Function} callback"," * @api protected"," */","SessionStore.prototype.store = function(req, callback) {","  if (!req.session) { return callback(new Error('OAuth 2.0 authentication requires session support when using state. Did you forget to use express-session middleware?')); }","","  var key = this._key;","  var state = uid(24);","  if (!req.session[key]) { req.session[key] = {}; }","  req.session[key].state = state;","  callback(null, state);","};","","/**"," * Verify request state."," *"," * This implementation simply compares the state parameter in the request to the"," * value generated earlier and stored in the session."," *"," * @param {Object} req"," * @param {String} providedState"," * @param {Function} callback"," * @api protected"," */","SessionStore.prototype.verify = function(req, providedState, callback) {","  if (!req.session) { return callback(new Error('OAuth 2.0 authentication requires session support when using state. Did you forget to use express-session middleware?')); }","","  var key = this._key;","  if (!req.session[key]) {","   return callback(null, false, { message: 'Unable to verify authorization request state.' });","  }","","  var state = req.session[key].state;","  if (!state) {","   return callback(null, false, { message: 'Unable to verify authorization request state.' });","  }","","  delete req.session[key].state;","  if (Object.keys(req.session[key]).length === 0) {","   delete req.session[key];","  }","","  if (state !== providedState) {","   return callback(null, false, { message: 'Invalid authorization request state.' });","  }","","  return callback(null, true);","};","","// Expose constructor.","module.exports = SessionStore;",""],"l":{"1":1,"22":1,"23":0,"24":0,"38":1,"39":0,"41":0,"42":0,"43":0,"44":0,"45":0,"59":1,"60":0,"62":0,"63":0,"64":0,"67":0,"68":0,"69":0,"72":0,"73":0,"74":0,"77":0,"78":0,"81":0,"85":1}},"/home/travis/build/npmtest/node-npmtest-passport-oauth2/node_modules/passport-oauth2/lib/errors/authorizationerror.js":{"path":"/home/travis/build/npmtest/node-npmtest-passport-oauth2/node_modules/passport-oauth2/lib/errors/authorizationerror.js","s":{"1":1,"2":0,"3":0,"4":0,"5":0,"6":0,"7":0,"8":0,"9":0,"10":0,"11":0,"12":0,"13":0,"14":0,"15":0,"16":0,"17":1,"18":1},"b":{"1":[0,0],"2":[0,0,0],"3":[0,0],"4":[0,0]},"f":{"1":0},"fnMap":{"1":{"name":"AuthorizationError","line":17,"loc":{"start":{"line":17,"column":0},"end":{"line":17,"column":56}}}},"statementMap":{"1":{"start":{"line":17,"column":0},"end":{"line":33,"column":1}},"2":{"start":{"line":18,"column":2},"end":{"line":24,"column":3}},"3":{"start":{"line":19,"column":4},"end":{"line":23,"column":5}},"4":{"start":{"line":20,"column":28},"end":{"line":20,"column":41}},"5":{"start":{"line":20,"column":42},"end":{"line":20,"column":48}},"6":{"start":{"line":21,"column":27},"end":{"line":21,"column":40}},"7":{"start":{"line":21,"column":41},"end":{"line":21,"column":47}},"8":{"start":{"line":22,"column":38},"end":{"line":22,"column":51}},"9":{"start":{"line":22,"column":52},"end":{"line":22,"column":58}},"10":{"start":{"line":26,"column":2},"end":{"line":26,"column":19}},"11":{"start":{"line":27,"column":2},"end":{"line":27,"column":50}},"12":{"start":{"line":28,"column":2},"end":{"line":28,"column":36}},"13":{"start":{"line":29,"column":2},"end":{"line":29,"column":25}},"14":{"start":{"line":30,"column":2},"end":{"line":30,"column":37}},"15":{"start":{"line":31,"column":2},"end":{"line":31,"column":17}},"16":{"start":{"line":32,"column":2},"end":{"line":32,"column":30}},"17":{"start":{"line":38,"column":0},"end":{"line":38,"column":57}},"18":{"start":{"line":44,"column":0},"end":{"line":44,"column":36}}},"branchMap":{"1":{"line":18,"type":"if","locations":[{"start":{"line":18,"column":2},"end":{"line":18,"column":2}},{"start":{"line":18,"column":2},"end":{"line":18,"column":2}}]},"2":{"line":19,"type":"switch","locations":[{"start":{"line":20,"column":6},"end":{"line":20,"column":48}},{"start":{"line":21,"column":6},"end":{"line":21,"column":47}},{"start":{"line":22,"column":6},"end":{"line":22,"column":58}}]},"3":{"line":30,"type":"binary-expr","locations":[{"start":{"line":30,"column":14},"end":{"line":30,"column":18}},{"start":{"line":30,"column":22},"end":{"line":30,"column":36}}]},"4":{"line":32,"type":"binary-expr","locations":[{"start":{"line":32,"column":16},"end":{"line":32,"column":22}},{"start":{"line":32,"column":26},"end":{"line":32,"column":29}}]}},"code":["/**"," * `AuthorizationError` error."," *"," * AuthorizationError represents an error in response to an authorization"," * request.  For details, refer to RFC 6749, section 4.1.2.1."," *"," * References:"," *   - [The OAuth 2.0 Authorization Framework](http://tools.ietf.org/html/rfc6749)"," *"," * @constructor"," * @param {String} [message]"," * @param {String} [code]"," * @param {String} [uri]"," * @param {Number} [status]"," * @api public"," */","function AuthorizationError(message, code, uri, status) {","  if (!status) {","    switch (code) {","      case 'access_denied': status = 403; break;","      case 'server_error': status = 502; break;","      case 'temporarily_unavailable': status = 503; break;","    }","  }","","  Error.call(this);","  Error.captureStackTrace(this, this.constructor);","  this.name = this.constructor.name;","  this.message = message;","  this.code = code || 'server_error';","  this.uri = uri;","  this.status = status || 500;","}","","/**"," * Inherit from `Error`."," */","AuthorizationError.prototype.__proto__ = Error.prototype;","","","/**"," * Expose `AuthorizationError`."," */","module.exports = AuthorizationError;",""],"l":{"17":1,"18":0,"19":0,"20":0,"21":0,"22":0,"26":0,"27":0,"28":0,"29":0,"30":0,"31":0,"32":0,"38":1,"44":1}},"/home/travis/build/npmtest/node-npmtest-passport-oauth2/node_modules/passport-oauth2/lib/errors/tokenerror.js":{"path":"/home/travis/build/npmtest/node-npmtest-passport-oauth2/node_modules/passport-oauth2/lib/errors/tokenerror.js","s":{"1":1,"2":0,"3":0,"4":0,"5":0,"6":0,"7":0,"8":0,"9":1,"10":1},"b":{"1":[0,0],"2":[0,0]},"f":{"1":0},"fnMap":{"1":{"name":"TokenError","line":17,"loc":{"start":{"line":17,"column":0},"end":{"line":17,"column":48}}}},"statementMap":{"1":{"start":{"line":17,"column":0},"end":{"line":25,"column":1}},"2":{"start":{"line":18,"column":2},"end":{"line":18,"column":19}},"3":{"start":{"line":19,"column":2},"end":{"line":19,"column":50}},"4":{"start":{"line":20,"column":2},"end":{"line":20,"column":36}},"5":{"start":{"line":21,"column":2},"end":{"line":21,"column":25}},"6":{"start":{"line":22,"column":2},"end":{"line":22,"column":40}},"7":{"start":{"line":23,"column":2},"end":{"line":23,"column":17}},"8":{"start":{"line":24,"column":2},"end":{"line":24,"column":30}},"9":{"start":{"line":30,"column":0},"end":{"line":30,"column":49}},"10":{"start":{"line":36,"column":0},"end":{"line":36,"column":28}}},"branchMap":{"1":{"line":22,"type":"binary-expr","locations":[{"start":{"line":22,"column":14},"end":{"line":22,"column":18}},{"start":{"line":22,"column":22},"end":{"line":22,"column":39}}]},"2":{"line":24,"type":"binary-expr","locations":[{"start":{"line":24,"column":16},"end":{"line":24,"column":22}},{"start":{"line":24,"column":26},"end":{"line":24,"column":29}}]}},"code":["/**"," * `TokenError` error."," *"," * TokenError represents an error received from a token endpoint.  For details,"," * refer to RFC 6749, section 5.2."," *"," * References:"," *   - [The OAuth 2.0 Authorization Framework](http://tools.ietf.org/html/rfc6749)"," *"," * @constructor"," * @param {String} [message]"," * @param {String} [code]"," * @param {String} [uri]"," * @param {Number} [status]"," * @api public"," */","function TokenError(message, code, uri, status) {","  Error.call(this);","  Error.captureStackTrace(this, this.constructor);","  this.name = this.constructor.name;","  this.message = message;","  this.code = code || 'invalid_request';","  this.uri = uri;","  this.status = status || 500;","}","","/**"," * Inherit from `Error`."," */","TokenError.prototype.__proto__ = Error.prototype;","","","/**"," * Expose `TokenError`."," */","module.exports = TokenError;",""],"l":{"17":1,"18":0,"19":0,"20":0,"21":0,"22":0,"23":0,"24":0,"30":1,"36":1}},"/home/travis/build/npmtest/node-npmtest-passport-oauth2/node_modules/passport-oauth2/lib/errors/internaloautherror.js":{"path":"/home/travis/build/npmtest/node-npmtest-passport-oauth2/node_modules/passport-oauth2/lib/errors/internaloautherror.js","s":{"1":1,"2":0,"3":0,"4":0,"5":0,"6":0,"7":1,"8":1,"9":0,"10":0,"11":0,"12":0,"13":0,"14":0,"15":0,"16":0,"17":0,"18":1},"b":{"1":[0,0],"2":[0,0],"3":[0,0],"4":[0,0],"5":[0,0]},"f":{"1":0,"2":0},"fnMap":{"1":{"name":"InternalOAuthError","line":13,"loc":{"start":{"line":13,"column":0},"end":{"line":13,"column":42}}},"2":{"name":"(anonymous_2)","line":32,"loc":{"start":{"line":32,"column":40},"end":{"line":32,"column":51}}}},"statementMap":{"1":{"start":{"line":13,"column":0},"end":{"line":19,"column":1}},"2":{"start":{"line":14,"column":2},"end":{"line":14,"column":19}},"3":{"start":{"line":15,"column":2},"end":{"line":15,"column":50}},"4":{"start":{"line":16,"column":2},"end":{"line":16,"column":36}},"5":{"start":{"line":17,"column":2},"end":{"line":17,"column":25}},"6":{"start":{"line":18,"column":2},"end":{"line":18,"column":24}},"7":{"start":{"line":24,"column":0},"end":{"line":24,"column":57}},"8":{"start":{"line":32,"column":0},"end":{"line":43,"column":2}},"9":{"start":{"line":33,"column":2},"end":{"line":33,"column":20}},"10":{"start":{"line":34,"column":2},"end":{"line":34,"column":49}},"11":{"start":{"line":34,"column":22},"end":{"line":34,"column":47}},"12":{"start":{"line":35,"column":2},"end":{"line":41,"column":3}},"13":{"start":{"line":36,"column":4},"end":{"line":40,"column":5}},"14":{"start":{"line":37,"column":6},"end":{"line":37,"column":37}},"15":{"start":{"line":38,"column":11},"end":{"line":40,"column":5}},"16":{"start":{"line":39,"column":6},"end":{"line":39,"column":94}},"17":{"start":{"line":42,"column":2},"end":{"line":42,"column":11}},"18":{"start":{"line":49,"column":0},"end":{"line":49,"column":36}}},"branchMap":{"1":{"line":34,"type":"if","locations":[{"start":{"line":34,"column":2},"end":{"line":34,"column":2}},{"start":{"line":34,"column":2},"end":{"line":34,"column":2}}]},"2":{"line":35,"type":"if","locations":[{"start":{"line":35,"column":2},"end":{"line":35,"column":2}},{"start":{"line":35,"column":2},"end":{"line":35,"column":2}}]},"3":{"line":36,"type":"if","locations":[{"start":{"line":36,"column":4},"end":{"line":36,"column":4}},{"start":{"line":36,"column":4},"end":{"line":36,"column":4}}]},"4":{"line":38,"type":"if","locations":[{"start":{"line":38,"column":11},"end":{"line":38,"column":11}},{"start":{"line":38,"column":11},"end":{"line":38,"column":11}}]},"5":{"line":38,"type":"binary-expr","locations":[{"start":{"line":38,"column":15},"end":{"line":38,"column":41}},{"start":{"line":38,"column":45},"end":{"line":38,"column":65}}]}},"code":["/**"," * `InternalOAuthError` error."," *"," * InternalOAuthError wraps errors generated by node-oauth.  By wrapping these"," * objects, error messages can be formatted in a manner that aids in debugging"," * OAuth issues."," *"," * @constructor"," * @param {String} [message]"," * @param {Object|Error} [err]"," * @api public"," */","function InternalOAuthError(message, err) {","  Error.call(this);","  Error.captureStackTrace(this, this.constructor);","  this.name = this.constructor.name;","  this.message = message;","  this.oauthError = err;","}","","/**"," * Inherit from `Error`."," */","InternalOAuthError.prototype.__proto__ = Error.prototype;","","/**"," * Returns a string representing the error."," *"," * @return {String}"," * @api public"," */","InternalOAuthError.prototype.toString = function() {","  var m = this.name;","  if (this.message) { m += ': ' + this.message; }","  if (this.oauthError) {","    if (this.oauthError instanceof Error) {","      m = this.oauthError.toString();","    } else if (this.oauthError.statusCode && this.oauthError.data) {","      m += ' (status: ' + this.oauthError.statusCode + ' data: ' + this.oauthError.data + ')';","    }","  }","  return m;","};","","","/**"," * Expose `InternalOAuthError`."," */","module.exports = InternalOAuthError;",""],"l":{"13":1,"14":0,"15":0,"16":0,"17":0,"18":0,"24":1,"32":1,"33":0,"34":0,"35":0,"36":0,"37":0,"38":0,"39":0,"42":0,"49":1}}}